# cluster file
# automatically generated on: Sun Nov 12 19:14:09 2023
# mode: rmsd, filetype: pdb, lsqfit: 0, selmode: heavy
@cluster t has 500 elements, 89 subclusters
1 1
2 10
3 100
4 101
5 102
6 103
7 104
8 105
9 106
10 107
11 108
12 109
13 11
14 110
15 111
16 112
17 113
18 114
19 115
20 116
21 117
22 118
23 119
24 12
25 120
26 121
27 122
28 123
29 124
30 125
31 126
32 127
33 128
34 129
35 13
36 130
37 131
38 132
39 133
40 134
41 135
42 136
43 137
44 138
45 139
46 14
47 140
48 141
49 142
50 143
51 144
52 145
53 146
54 147
55 148
56 149
57 15
58 150
59 151
60 152
61 153
62 154
63 155
64 156
65 157
66 158
67 159
68 16
69 160
70 161
71 162
72 163
73 164
74 165
75 166
76 167
77 168
78 169
79 17
80 170
81 171
82 172
83 173
84 174
85 175
86 176
87 177
88 178
89 179
90 18
91 180
92 181
93 182
94 183
95 184
96 185
97 186
98 187
99 188
100 189
101 19
102 190
103 191
104 192
105 193
106 194
107 195
108 196
109 197
110 198
111 199
112 2
113 20
114 200
115 201
116 202
117 203
118 204
119 205
120 206
121 207
122 208
123 209
124 21
125 210
126 211
127 212
128 213
129 214
130 215
131 216
132 217
133 218
134 219
135 22
136 220
137 221
138 222
139 223
140 224
141 225
142 226
143 227
144 228
145 229
146 23
147 230
148 231
149 232
150 233
151 234
152 235
153 236
154 237
155 238
156 239
157 24
158 240
159 241
160 242
161 243
162 244
163 245
164 246
165 247
166 248
167 249
168 25
169 250
170 251
171 252
172 253
173 254
174 255
175 256
176 257
177 258
178 259
179 26
180 260
181 261
182 262
183 263
184 264
185 265
186 266
187 267
188 268
189 269
190 27
191 270
192 271
193 272
194 273
195 274
196 275
197 276
198 277
199 278
200 279
201 28
202 280
203 281
204 282
205 283
206 284
207 285
208 286
209 287
210 288
211 289
212 29
213 290
214 291
215 292
216 293
217 294
218 295
219 296
220 297
221 298
222 299
223 3
224 30
225 300
226 301
227 302
228 303
229 304
230 305
231 306
232 307
233 308
234 309
235 31
236 310
237 311
238 312
239 313
240 314
241 315
242 316
243 317
244 318
245 319
246 32
247 320
248 321
249 322
250 323
251 324
252 325
253 326
254 327
255 328
256 329
257 33
258 330
259 331
260 332
261 333
262 334
263 335
264 336
265 337
266 338
267 339
268 34
269 340
270 341
271 342
272 343
273 344
274 345
275 346
276 347
277 348
278 349
279 35
280 350
281 351
282 352
283 353
284 354
285 355
286 356
287 357
288 358
289 359
290 36
291 360
292 361
293 362
294 363
295 364
296 365
297 366
298 367
299 368
300 369
301 37
302 370
303 371
304 372
305 373
306 374
307 375
308 376
309 377
310 378
311 379
312 38
313 380
314 381
315 382
316 383
317 384
318 385
319 386
320 387
321 388
322 389
323 39
324 390
325 391
326 392
327 393
328 394
329 395
330 396
331 397
332 398
333 399
334 4
335 40
336 400
337 401
338 402
339 403
340 404
341 405
342 406
343 407
344 408
345 409
346 41
347 410
348 411
349 412
350 413
351 414
352 415
353 416
354 417
355 418
356 419
357 42
358 420
359 421
360 422
361 423
362 424
363 425
364 426
365 427
366 428
367 429
368 43
369 430
370 431
371 432
372 433
373 434
374 435
375 436
376 437
377 438
378 439
379 44
380 440
381 441
382 442
383 443
384 444
385 445
386 446
387 447
388 448
389 449
390 45
391 450
392 451
393 452
394 453
395 454
396 455
397 456
398 457
399 458
400 459
401 46
402 460
403 461
404 462
405 463
406 464
407 465
408 466
409 467
410 468
411 469
412 47
413 470
414 471
415 472
416 473
417 474
418 475
419 476
420 477
421 478
422 479
423 48
424 480
425 481
426 482
427 483
428 484
429 485
430 486
431 487
432 488
433 489
434 49
435 490
436 491
437 492
438 493
439 494
440 495
441 496
442 497
443 498
444 499
445 5
446 50
447 500
448 51
449 52
450 53
451 54
452 55
453 56
454 57
455 58
456 59
457 6
458 60
459 61
460 62
461 63
462 64
463 65
464 66
465 67
466 68
467 69
468 7
469 70
470 71
471 72
472 73
473 74
474 75
475 76
476 77
477 78
478 79
479 8
480 80
481 81
482 82
483 83
484 84
485 85
486 86
487 87
488 88
489 89
490 9
491 90
492 91
493 92
494 93
495 94
496 95
497 96
498 97
499 98
500 99
@cluster t.1 has 47 elements, 0 subclusters
2 10 0.358246
35 13 0.595655
38 132 0.406251
50 143 0.567627
85 175 0.501478
93 182 0.499557
122 208 0.497991
132 217 0.518150
135 22 0.350650
150 233 0.501790
156 239 0.597588
166 248 0.854327
169 250 0.508216
171 252 0.525549
174 255 0.652433
191 270 0.573601
208 286 0.586888
225 300 0.604796
230 305 0.464049
242 316 0.558313
253 326 0.502765
282 352 0.688682
299 368 0.230011
300 369 0.598507
348 411 0.483800
353 416 0.672866
354 417 0.695395
371 432 0.449397
376 437 0.642054
387 447 0.332461
404 462 0.422812
415 472 0.529861
427 483 0.613597
429 485 0.385317
433 489 0.635566
437 492 0.378789
452 55 0.392665
463 65 0.464351
465 67 0.579067
468 7 0.638214
469 70 0.377003
474 75 0.591012
479 8 0.495708
483 83 0.379652
488 88 0.543706
498 97 0.560375
499 98 0.622045
@cluster t.2 has 7 elements, 0 subclusters
4 101 0.541150
23 119 0.597415
62 154 0.822448
201 28 0.638327
211 289 0.710543
257 33 0.814132
302 370 0.554623
@cluster t.3 has 16 elements, 0 subclusters
7 104 0.514583
30 125 0.503380
34 129 0.459817
82 172 0.838178
90 18 0.622167
179 26 0.580178
198 277 0.588066
239 313 0.858702
269 340 0.776443
295 364 0.596599
308 376 0.607136
380 440 0.603979
401 46 0.803255
434 49 0.456509
446 50 0.678418
494 93 0.333314
@cluster t.4 has 1 elements, 0 subclusters
8 105 0.000000
@cluster t.5 has 8 elements, 0 subclusters
9 106 0.405153
13 11 0.515328
44 138 0.758931
97 186 0.733657
114 200 0.639385
175 256 0.735893
229 304 0.644040
320 387 0.567592
@cluster t.6 has 2 elements, 0 subclusters
10 107 0.429398
48 141 0.429398
@cluster t.7 has 1 elements, 0 subclusters
500 99 0.000000
@cluster t.8 has 5 elements, 0 subclusters
14 110 0.581121
88 178 0.562586
121 207 0.320048
221 298 0.394967
237 311 0.787472
@cluster t.9 has 30 elements, 0 subclusters
6 103 0.662904
16 112 0.741791
25 120 0.571804
60 152 0.654073
75 166 0.527676
94 183 0.627865
102 190 0.468650
138 222 0.838969
147 230 0.562325
162 244 0.365570
181 261 0.889152
194 273 0.533496
200 279 0.363988
254 327 0.465671
268 34 0.695372
291 360 0.580928
297 366 0.907309
312 38 0.683311
325 391 0.700659
333 399 0.599065
341 405 0.659985
344 408 0.733986
352 415 0.670405
373 434 0.513769
394 453 0.557822
414 471 0.700108
431 487 0.791454
438 493 0.474952
491 90 0.593224
496 95 0.553196
@cluster t.10 has 5 elements, 0 subclusters
20 116 0.596905
186 266 0.465831
332 398 0.703840
406 464 0.687074
442 497 0.755044
@cluster t.11 has 1 elements, 0 subclusters
21 117 0.000000
@cluster t.12 has 34 elements, 0 subclusters
1 1 0.447825
17 113 0.531792
66 158 0.441816
83 173 0.412203
104 192 0.600753
106 194 0.426555
111 199 0.331214
125 210 0.499666
129 214 0.329145
130 215 0.410407
139 223 0.499243
143 227 0.337851
148 231 0.325944
161 243 0.699255
168 25 0.889533
182 262 0.418839
223 3 0.432523
258 330 0.640081
260 332 0.561283
265 337 0.561442
306 374 0.559254
309 377 0.360251
321 388 0.195553
350 413 0.785795
355 418 0.395076
357 42 0.509128
361 423 0.549050
370 431 0.662398
375 436 0.654351
391 450 0.512824
413 470 0.508382
454 57 0.643811
466 68 0.853081
495 94 0.292073
@cluster t.13 has 1 elements, 0 subclusters
26 121 0.000000
@cluster t.14 has 23 elements, 0 subclusters
12 109 0.697510
18 114 0.556970
27 122 0.794696
33 128 0.755248
46 14 0.429671
54 147 0.528263
92 181 0.885512
96 185 0.463623
159 241 0.790150
180 260 0.526019
226 301 0.668687
227 302 0.359724
290 36 0.401040
292 361 0.600403
326 392 0.820456
345 409 0.639309
346 41 0.649008
363 425 0.522892
366 428 0.638836
368 43 0.521486
424 480 0.549898
451 54 0.409821
477 78 0.402982
@cluster t.15 has 11 elements, 0 subclusters
28 123 0.562095
37 131 0.509741
141 225 0.805728
283 353 0.673869
284 354 0.581079
327 393 0.503265
343 407 0.499639
420 477 0.712937
425 481 0.877607
443 498 0.591098
490 9 0.473941
@cluster t.16 has 1 elements, 0 subclusters
29 124 0.000000
@cluster t.17 has 5 elements, 0 subclusters
31 126 0.464811
87 177 0.622613
95 184 0.431893
144 228 0.371975
187 267 0.491948
@cluster t.18 has 3 elements, 0 subclusters
32 127 0.349268
243 317 0.376089
478 79 0.465251
@cluster t.19 has 9 elements, 0 subclusters
36 130 0.534566
126 211 0.352762
170 251 0.663914
183 263 0.672641
210 288 0.579955
219 296 0.575642
252 325 0.518791
273 344 0.832501
453 56 0.470707
@cluster t.20 has 9 elements, 0 subclusters
39 133 0.617872
80 170 0.537611
115 201 0.700961
145 229 0.349190
184 264 0.924077
207 285 0.647170
298 367 0.850730
385 445 0.858764
439 494 0.766147
@cluster t.21 has 16 elements, 0 subclusters
40 134 0.783653
51 144 0.597718
53 146 0.634467
59 151 0.566138
68 16 0.752930
131 216 0.677794
133 218 0.544350
160 242 0.601466
167 249 0.651700
228 303 0.646860
270 341 0.665291
317 384 0.702377
337 401 0.782012
383 443 0.613184
390 45 0.664815
462 64 0.569165
@cluster t.22 has 2 elements, 0 subclusters
41 135 0.497370
137 221 0.497370
@cluster t.23 has 3 elements, 0 subclusters
45 139 0.438619
212 29 0.544256
339 403 0.473446
@cluster t.24 has 2 elements, 0 subclusters
47 140 0.305838
456 59 0.305838
@cluster t.25 has 9 elements, 0 subclusters
56 149 0.495561
70 161 0.365224
231 306 0.793782
274 345 0.655556
279 35 0.883005
288 358 0.602308
359 421 0.611699
367 429 0.477932
422 479 0.605330
@cluster t.26 has 1 elements, 0 subclusters
57 15 0.000000
@cluster t.27 has 14 elements, 0 subclusters
5 102 0.599129
58 150 0.479094
61 153 0.486172
127 212 0.598620
146 23 0.602840
165 247 0.617575
177 258 0.377405
189 269 0.841854
232 307 0.696034
272 343 0.625606
278 349 0.489691
322 389 0.664639
334 4 0.907353
356 419 0.438281
@cluster t.28 has 6 elements, 0 subclusters
64 156 0.590566
105 193 0.513736
264 336 0.727815
342 406 0.742147
440 495 0.724811
481 81 0.655517
@cluster t.29 has 30 elements, 0 subclusters
11 108 0.472642
63 155 0.753848
65 157 0.931023
153 236 0.537239
172 253 0.609292
197 276 0.553585
203 281 0.481292
204 282 0.445793
213 290 0.641217
216 293 0.603599
236 310 0.703411
244 318 0.583060
247 320 0.650973
261 333 0.642293
289 359 0.728396
307 375 0.679458
323 39 0.369952
330 396 0.435051
364 426 0.585003
369 430 0.711254
379 44 0.441144
393 452 0.551743
395 454 0.560709
398 457 0.391331
409 467 0.411090
441 496 0.403304
472 73 0.462673
489 89 0.435769
492 91 0.699277
493 92 0.533794
@cluster t.30 has 15 elements, 0 subclusters
67 159 0.515777
69 160 0.440003
149 232 0.834295
152 235 0.575000
196 275 0.487727
277 348 0.685603
286 356 0.674097
303 371 0.750838
316 383 0.434529
362 424 0.860555
374 435 0.461653
428 484 0.692409
430 486 0.640120
432 488 0.478039
458 60 0.797293
@cluster t.31 has 6 elements, 0 subclusters
49 142 0.692401
71 162 0.713237
246 32 0.647929
301 37 0.364029
386 446 0.525440
471 72 0.682402
@cluster t.32 has 6 elements, 0 subclusters
73 164 0.602685
124 21 0.340233
280 350 0.276740
396 455 0.526468
408 466 0.465812
419 476 0.604689
@cluster t.33 has 7 elements, 0 subclusters
78 169 0.511650
164 246 0.427505
193 272 0.452640
388 448 0.851395
411 469 0.571714
416 473 0.382682
464 66 0.401572
@cluster t.34 has 4 elements, 0 subclusters
81 171 0.606011
188 268 0.580849
224 30 0.399233
233 308 0.623421
@cluster t.35 has 21 elements, 0 subclusters
19 115 0.308891
22 118 0.354938
43 137 0.594424
55 148 0.851098
72 163 0.491876
76 167 0.579953
86 176 0.702630
109 197 0.323606
113 20 0.684240
134 219 0.424037
205 283 0.485719
206 284 0.415144
235 31 0.342354
241 315 0.567557
255 328 0.731251
276 347 0.603844
296 365 0.810214
305 373 0.584773
405 463 0.594949
444 499 0.381395
457 6 0.407105
@cluster t.36 has 1 elements, 0 subclusters
482 82 0.000000
@cluster t.37 has 1 elements, 0 subclusters
98 187 0.000000
@cluster t.38 has 2 elements, 0 subclusters
99 188 0.455614
267 339 0.455614
@cluster t.39 has 1 elements, 0 subclusters
101 19 0.000000
@cluster t.40 has 1 elements, 0 subclusters
103 191 0.000000
@cluster t.41 has 5 elements, 0 subclusters
107 195 0.534995
245 319 0.613665
365 427 0.286056
418 475 0.397498
473 74 0.785404
@cluster t.42 has 1 elements, 0 subclusters
467 69 0.000000
@cluster t.43 has 2 elements, 0 subclusters
112 2 0.411477
384 444 0.411477
@cluster t.44 has 6 elements, 0 subclusters
52 145 0.783438
116 202 0.421441
176 257 0.376859
234 309 0.574117
294 363 0.562328
486 86 0.425438
@cluster t.45 has 1 elements, 0 subclusters
118 204 0.000000
@cluster t.46 has 1 elements, 0 subclusters
119 205 0.000000
@cluster t.47 has 2 elements, 0 subclusters
120 206 0.494125
426 482 0.494125
@cluster t.48 has 2 elements, 0 subclusters
123 209 0.450341
158 240 0.450341
@cluster t.49 has 12 elements, 0 subclusters
74 165 0.403693
77 168 0.632949
117 203 0.441128
128 213 0.529841
190 27 0.573938
285 355 0.342187
313 380 0.681359
335 40 0.744296
347 410 0.546647
412 47 0.544247
461 63 0.652766
485 85 0.471307
@cluster t.50 has 8 elements, 0 subclusters
136 220 0.323261
140 224 0.553986
157 24 0.643178
256 329 0.699215
311 379 0.701746
319 386 0.548797
340 404 0.552442
381 441 0.543909
@cluster t.51 has 7 elements, 0 subclusters
142 226 0.678589
220 297 0.714293
315 382 0.402235
338 402 0.445478
360 422 0.462477
378 439 0.545943
470 71 0.571575
@cluster t.52 has 1 elements, 0 subclusters
151 234 0.000000
@cluster t.53 has 2 elements, 0 subclusters
154 237 0.181735
250 323 0.181735
@cluster t.54 has 3 elements, 0 subclusters
155 238 0.363458
275 346 0.663871
400 459 0.601145
@cluster t.55 has 1 elements, 0 subclusters
173 254 0.000000
@cluster t.56 has 1 elements, 0 subclusters
185 265 0.000000
@cluster t.57 has 1 elements, 0 subclusters
192 271 0.000000
@cluster t.58 has 2 elements, 0 subclusters
195 274 0.481776
372 433 0.481776
@cluster t.59 has 1 elements, 0 subclusters
202 280 0.000000
@cluster t.60 has 1 elements, 0 subclusters
209 287 0.000000
@cluster t.61 has 1 elements, 0 subclusters
215 292 0.000000
@cluster t.62 has 1 elements, 0 subclusters
217 294 0.000000
@cluster t.63 has 1 elements, 0 subclusters
218 295 0.000000
@cluster t.64 has 3 elements, 0 subclusters
222 299 0.590178
423 48 0.403205
445 5 0.464886
@cluster t.65 has 1 elements, 0 subclusters
240 314 0.000000
@cluster t.66 has 1 elements, 0 subclusters
248 321 0.000000
@cluster t.67 has 4 elements, 0 subclusters
110 198 0.705960
249 322 0.449923
318 385 0.639444
459 61 0.496365
@cluster t.68 has 33 elements, 0 subclusters
3 100 0.413352
15 111 0.578249
42 136 0.451282
79 17 0.627073
84 174 0.382572
91 180 0.461486
100 189 0.441871
108 196 0.473126
163 245 0.634230
178 259 0.467771
199 278 0.717871
214 291 0.388278
238 312 0.601610
251 324 0.386980
259 331 0.544884
262 334 0.438944
266 338 0.564598
271 342 0.590289
281 351 0.529945
293 362 0.487137
349 412 0.507905
358 420 0.610783
389 449 0.437266
402 460 0.596988
447 500 0.628443
448 51 0.473336
460 62 0.493022
475 76 0.424552
476 77 0.579872
480 80 0.469783
484 84 0.623080
487 87 0.480529
497 96 0.516570
@cluster t.69 has 1 elements, 0 subclusters
263 335 0.000000
@cluster t.70 has 1 elements, 0 subclusters
455 58 0.000000
@cluster t.71 has 1 elements, 0 subclusters
287 357 0.000000
@cluster t.72 has 1 elements, 0 subclusters
450 53 0.000000
@cluster t.73 has 1 elements, 0 subclusters
310 378 0.000000
@cluster t.74 has 1 elements, 0 subclusters
314 381 0.000000
@cluster t.75 has 1 elements, 0 subclusters
324 390 0.000000
@cluster t.76 has 1 elements, 0 subclusters
328 394 0.000000
@cluster t.77 has 1 elements, 0 subclusters
329 395 0.000000
@cluster t.78 has 1 elements, 0 subclusters
336 400 0.000000
@cluster t.79 has 1 elements, 0 subclusters
377 438 0.000000
@cluster t.80 has 1 elements, 0 subclusters
382 442 0.000000
@cluster t.81 has 1 elements, 0 subclusters
392 451 0.000000
@cluster t.82 has 5 elements, 0 subclusters
89 179 0.662092
397 456 0.666688
399 458 0.558840
410 468 0.512604
417 474 0.677066
@cluster t.83 has 1 elements, 0 subclusters
449 52 0.000000
@cluster t.84 has 1 elements, 0 subclusters
403 461 0.000000
@cluster t.85 has 4 elements, 0 subclusters
24 12 0.318656
304 372 0.393216
331 397 0.531907
407 465 0.371362
@cluster t.86 has 1 elements, 0 subclusters
421 478 0.000000
@cluster t.87 has 1 elements, 0 subclusters
435 490 0.000000
@cluster t.88 has 1 elements, 0 subclusters
436 491 0.000000
@cluster t.89 has 1 elements, 0 subclusters
351 414 0.000000
