# cluster file
# automatically generated on: Sun Nov 12 18:55:25 2023
# mode: rmsd, filetype: pdb, lsqfit: 0, selmode: heavy
@cluster t has 500 elements, 127 subclusters
1 1
2 10
3 100
4 101
5 102
6 103
7 104
8 105
9 106
10 107
11 108
12 109
13 11
14 110
15 111
16 112
17 113
18 114
19 115
20 116
21 117
22 118
23 119
24 12
25 120
26 121
27 122
28 123
29 124
30 125
31 126
32 127
33 128
34 129
35 13
36 130
37 131
38 132
39 133
40 134
41 135
42 136
43 137
44 138
45 139
46 14
47 140
48 141
49 142
50 143
51 144
52 145
53 146
54 147
55 148
56 149
57 15
58 150
59 151
60 152
61 153
62 154
63 155
64 156
65 157
66 158
67 159
68 16
69 160
70 161
71 162
72 163
73 164
74 165
75 166
76 167
77 168
78 169
79 17
80 170
81 171
82 172
83 173
84 174
85 175
86 176
87 177
88 178
89 179
90 18
91 180
92 181
93 182
94 183
95 184
96 185
97 186
98 187
99 188
100 189
101 19
102 190
103 191
104 192
105 193
106 194
107 195
108 196
109 197
110 198
111 199
112 2
113 20
114 200
115 201
116 202
117 203
118 204
119 205
120 206
121 207
122 208
123 209
124 21
125 210
126 211
127 212
128 213
129 214
130 215
131 216
132 217
133 218
134 219
135 22
136 220
137 221
138 222
139 223
140 224
141 225
142 226
143 227
144 228
145 229
146 23
147 230
148 231
149 232
150 233
151 234
152 235
153 236
154 237
155 238
156 239
157 24
158 240
159 241
160 242
161 243
162 244
163 245
164 246
165 247
166 248
167 249
168 25
169 250
170 251
171 252
172 253
173 254
174 255
175 256
176 257
177 258
178 259
179 26
180 260
181 261
182 262
183 263
184 264
185 265
186 266
187 267
188 268
189 269
190 27
191 270
192 271
193 272
194 273
195 274
196 275
197 276
198 277
199 278
200 279
201 28
202 280
203 281
204 282
205 283
206 284
207 285
208 286
209 287
210 288
211 289
212 29
213 290
214 291
215 292
216 293
217 294
218 295
219 296
220 297
221 298
222 299
223 3
224 30
225 300
226 301
227 302
228 303
229 304
230 305
231 306
232 307
233 308
234 309
235 31
236 310
237 311
238 312
239 313
240 314
241 315
242 316
243 317
244 318
245 319
246 32
247 320
248 321
249 322
250 323
251 324
252 325
253 326
254 327
255 328
256 329
257 33
258 330
259 331
260 332
261 333
262 334
263 335
264 336
265 337
266 338
267 339
268 34
269 340
270 341
271 342
272 343
273 344
274 345
275 346
276 347
277 348
278 349
279 35
280 350
281 351
282 352
283 353
284 354
285 355
286 356
287 357
288 358
289 359
290 36
291 360
292 361
293 362
294 363
295 364
296 365
297 366
298 367
299 368
300 369
301 37
302 370
303 371
304 372
305 373
306 374
307 375
308 376
309 377
310 378
311 379
312 38
313 380
314 381
315 382
316 383
317 384
318 385
319 386
320 387
321 388
322 389
323 39
324 390
325 391
326 392
327 393
328 394
329 395
330 396
331 397
332 398
333 399
334 4
335 40
336 400
337 401
338 402
339 403
340 404
341 405
342 406
343 407
344 408
345 409
346 41
347 410
348 411
349 412
350 413
351 414
352 415
353 416
354 417
355 418
356 419
357 42
358 420
359 421
360 422
361 423
362 424
363 425
364 426
365 427
366 428
367 429
368 43
369 430
370 431
371 432
372 433
373 434
374 435
375 436
376 437
377 438
378 439
379 44
380 440
381 441
382 442
383 443
384 444
385 445
386 446
387 447
388 448
389 449
390 45
391 450
392 451
393 452
394 453
395 454
396 455
397 456
398 457
399 458
400 459
401 46
402 460
403 461
404 462
405 463
406 464
407 465
408 466
409 467
410 468
411 469
412 47
413 470
414 471
415 472
416 473
417 474
418 475
419 476
420 477
421 478
422 479
423 48
424 480
425 481
426 482
427 483
428 484
429 485
430 486
431 487
432 488
433 489
434 49
435 490
436 491
437 492
438 493
439 494
440 495
441 496
442 497
443 498
444 499
445 5
446 50
447 500
448 51
449 52
450 53
451 54
452 55
453 56
454 57
455 58
456 59
457 6
458 60
459 61
460 62
461 63
462 64
463 65
464 66
465 67
466 68
467 69
468 7
469 70
470 71
471 72
472 73
473 74
474 75
475 76
476 77
477 78
478 79
479 8
480 80
481 81
482 82
483 83
484 84
485 85
486 86
487 87
488 88
489 89
490 9
491 90
492 91
493 92
494 93
495 94
496 95
497 96
498 97
499 98
500 99
@cluster t.1 has 37 elements, 0 subclusters
1 1 0.680802
7 104 0.525289
41 135 0.443631
54 147 0.552842
64 156 0.846936
76 167 0.616228
80 170 0.916447
82 172 0.361405
83 173 0.389607
90 18 0.539143
96 185 0.665438
101 19 0.766223
118 204 0.275520
137 221 0.575215
159 241 0.493108
193 272 0.647839
204 282 0.407025
225 300 0.492261
243 317 0.817246
251 324 0.678578
253 326 0.555154
260 332 0.626391
269 340 0.677391
293 362 0.702055
295 364 0.364518
324 390 0.624916
348 411 0.326293
364 426 0.422188
370 431 0.498360
374 435 0.373488
375 436 0.609619
377 438 0.382896
385 445 0.578634
395 454 0.698082
431 487 0.453916
447 500 0.667992
469 70 0.474592
@cluster t.2 has 8 elements, 0 subclusters
2 10 0.629292
63 155 0.485160
108 196 0.783778
178 259 0.532197
247 320 0.572355
334 4 0.613393
424 480 0.709194
473 74 0.783333
@cluster t.3 has 46 elements, 0 subclusters
3 100 0.678003
5 102 0.539181
23 119 0.519822
72 163 0.555222
86 176 0.277846
94 183 0.848110
102 190 0.637680
106 194 0.801768
109 197 0.621875
114 200 0.454708
125 210 0.346148
126 211 0.548734
131 216 0.509989
134 219 0.767171
147 230 0.853044
156 239 0.733758
173 254 0.564395
177 258 0.286712
189 269 0.499696
201 28 0.321206
244 318 0.488462
254 327 0.359224
255 328 0.670035
257 33 0.472747
262 334 0.462348
266 338 0.268987
296 365 0.623614
302 370 0.568144
304 372 0.685726
305 373 0.692692
320 387 0.419939
328 394 0.405344
338 402 0.486723
355 418 0.400793
357 42 0.546967
397 456 0.561512
399 458 0.775031
403 461 0.276377
411 469 0.578668
426 482 0.418985
430 486 0.497244
444 499 0.590054
454 57 0.333343
462 64 0.554045
468 7 0.480939
495 94 0.490636
@cluster t.4 has 1 elements, 0 subclusters
488 88 0.000000
@cluster t.5 has 34 elements, 0 subclusters
6 103 0.309908
14 110 0.532426
25 120 0.653685
58 150 0.627740
79 17 0.459125
105 193 0.904847
110 198 0.665341
128 213 0.466431
129 214 0.517701
142 226 0.741044
175 256 0.723305
203 281 0.718885
205 283 0.623972
211 289 0.655998
219 296 0.553628
222 299 0.594665
223 3 0.490599
226 301 0.940130
230 305 0.927818
233 308 0.617372
261 333 0.578832
309 377 0.924752
336 400 0.462484
344 408 0.415028
371 432 0.417223
394 453 0.741690
406 464 0.570693
416 473 0.843327
418 475 0.458306
422 479 0.451198
436 491 0.710005
453 56 0.691780
466 68 0.631455
494 93 0.560055
@cluster t.6 has 19 elements, 0 subclusters
8 105 0.277754
35 13 0.411232
36 130 0.297875
100 189 0.295520
116 202 0.697878
168 25 0.393407
183 263 0.643889
191 270 0.562205
235 31 0.277204
249 322 0.396447
276 347 0.732051
282 352 0.261450
284 354 0.677399
342 406 0.622521
354 417 0.508867
425 481 0.700283
465 67 0.287672
475 76 0.328946
477 78 0.283686
@cluster t.7 has 5 elements, 0 subclusters
11 108 0.662313
119 205 0.598607
130 215 0.540662
187 267 0.699569
427 483 0.662190
@cluster t.8 has 3 elements, 0 subclusters
13 11 0.337250
221 298 0.409421
242 316 0.593446
@cluster t.9 has 3 elements, 0 subclusters
15 111 0.602918
145 229 0.365133
268 34 0.609793
@cluster t.10 has 11 elements, 0 subclusters
16 112 0.374793
22 118 0.560689
24 12 0.333602
51 144 0.545107
133 218 0.379581
194 273 0.821342
212 29 0.443940
308 376 0.351068
368 43 0.661055
384 444 0.813790
496 95 0.845915
@cluster t.11 has 1 elements, 0 subclusters
17 113 0.000000
@cluster t.12 has 1 elements, 0 subclusters
18 114 0.000000
@cluster t.13 has 1 elements, 0 subclusters
485 85 0.000000
@cluster t.14 has 1 elements, 0 subclusters
20 116 0.000000
@cluster t.15 has 1 elements, 0 subclusters
21 117 0.000000
@cluster t.16 has 1 elements, 0 subclusters
26 121 0.000000
@cluster t.17 has 2 elements, 0 subclusters
27 122 0.169007
482 82 0.169007
@cluster t.18 has 3 elements, 0 subclusters
67 159 0.575445
481 81 0.570718
493 92 0.450058
@cluster t.19 has 1 elements, 0 subclusters
29 124 0.000000
@cluster t.20 has 6 elements, 0 subclusters
31 126 0.520847
37 131 0.593531
185 265 0.415573
196 275 0.723408
392 451 0.655134
498 97 0.537484
@cluster t.21 has 4 elements, 0 subclusters
32 127 0.539222
195 274 0.392371
303 371 0.312852
391 450 0.572143
@cluster t.22 has 1 elements, 0 subclusters
479 8 0.000000
@cluster t.23 has 8 elements, 0 subclusters
38 132 0.480342
87 177 0.749032
93 182 0.567155
313 380 0.786810
343 407 0.814224
383 443 0.650272
445 5 0.711325
480 80 0.422881
@cluster t.24 has 4 elements, 0 subclusters
34 129 0.652066
40 134 0.600663
155 238 0.490083
278 349 0.572008
@cluster t.25 has 2 elements, 0 subclusters
43 137 0.403931
463 65 0.403931
@cluster t.26 has 1 elements, 0 subclusters
44 138 0.000000
@cluster t.27 has 1 elements, 0 subclusters
45 139 0.000000
@cluster t.28 has 1 elements, 0 subclusters
471 72 0.000000
@cluster t.29 has 1 elements, 0 subclusters
47 140 0.000000
@cluster t.30 has 1 elements, 0 subclusters
48 141 0.000000
@cluster t.31 has 1 elements, 0 subclusters
461 63 0.000000
@cluster t.32 has 1 elements, 0 subclusters
460 62 0.000000
@cluster t.33 has 2 elements, 0 subclusters
52 145 0.498014
367 429 0.498014
@cluster t.34 has 10 elements, 0 subclusters
33 128 0.566916
53 146 0.579981
172 253 0.484513
245 319 0.628891
279 35 0.457770
286 356 0.686235
311 379 0.495069
314 381 0.634928
349 412 0.448020
443 498 0.888404
@cluster t.35 has 13 elements, 0 subclusters
55 148 0.283596
89 179 0.789034
117 203 0.530122
176 257 0.679604
218 295 0.467459
239 313 0.545551
267 339 0.783073
341 405 0.902272
347 410 0.543362
350 413 0.958610
352 415 0.585870
361 423 0.651109
450 53 0.532445
@cluster t.36 has 6 elements, 0 subclusters
56 149 0.598079
143 227 0.515820
288 358 0.673203
398 457 0.715087
421 478 0.636419
452 55 0.310106
@cluster t.37 has 1 elements, 0 subclusters
57 15 0.000000
@cluster t.38 has 3 elements, 0 subclusters
59 151 0.610364
77 168 0.382269
124 21 0.631758
@cluster t.39 has 2 elements, 0 subclusters
60 152 0.279281
441 496 0.279281
@cluster t.40 has 7 elements, 0 subclusters
61 153 0.470313
170 251 0.783099
231 306 0.377083
275 346 0.683090
292 361 0.803619
420 477 0.578719
429 485 0.584107
@cluster t.41 has 1 elements, 0 subclusters
62 154 0.000000
@cluster t.42 has 1 elements, 0 subclusters
65 157 0.000000
@cluster t.43 has 3 elements, 0 subclusters
66 158 0.564419
238 312 0.556130
408 466 0.654698
@cluster t.44 has 2 elements, 0 subclusters
12 109 0.379423
459 61 0.379423
@cluster t.45 has 2 elements, 0 subclusters
68 16 0.349463
419 476 0.349463
@cluster t.46 has 5 elements, 0 subclusters
4 101 0.762834
69 160 0.836924
165 247 0.391572
346 41 0.575097
478 79 0.719499
@cluster t.47 has 2 elements, 0 subclusters
73 164 0.429740
428 484 0.429740
@cluster t.48 has 1 elements, 0 subclusters
74 165 0.000000
@cluster t.49 has 2 elements, 0 subclusters
75 166 0.388756
113 20 0.388756
@cluster t.50 has 1 elements, 0 subclusters
78 169 0.000000
@cluster t.51 has 2 elements, 0 subclusters
81 171 0.380400
98 187 0.380400
@cluster t.52 has 22 elements, 0 subclusters
71 162 0.613223
84 174 0.591580
85 175 0.763860
91 180 0.662558
97 186 0.865810
99 188 0.812067
104 192 0.947783
179 26 0.689947
192 271 0.770961
197 276 0.714510
200 279 0.707920
208 286 0.506196
214 291 0.485107
232 307 0.543372
285 355 0.553737
359 421 0.407634
373 434 0.816775
404 462 0.595645
415 472 0.899713
476 77 0.546263
489 89 0.628700
499 98 0.593878
@cluster t.53 has 3 elements, 0 subclusters
158 240 0.628175
457 6 0.593486
497 96 0.298466
@cluster t.54 has 2 elements, 0 subclusters
88 178 0.465715
146 23 0.465715
@cluster t.55 has 1 elements, 0 subclusters
455 58 0.000000
@cluster t.56 has 1 elements, 0 subclusters
107 195 0.000000
@cluster t.57 has 1 elements, 0 subclusters
451 54 0.000000
@cluster t.58 has 2 elements, 0 subclusters
112 2 0.253913
432 488 0.253913
@cluster t.59 has 1 elements, 0 subclusters
120 206 0.000000
@cluster t.60 has 1 elements, 0 subclusters
121 207 0.000000
@cluster t.61 has 1 elements, 0 subclusters
122 208 0.000000
@cluster t.62 has 1 elements, 0 subclusters
135 22 0.000000
@cluster t.63 has 7 elements, 0 subclusters
136 220 0.270908
217 294 0.342539
263 335 0.440164
274 345 0.663871
307 375 0.539588
319 386 0.736450
486 86 0.350295
@cluster t.64 has 3 elements, 0 subclusters
50 143 0.645853
138 222 0.534385
160 242 0.252358
@cluster t.65 has 1 elements, 0 subclusters
139 223 0.000000
@cluster t.66 has 2 elements, 0 subclusters
140 224 0.145092
270 341 0.145092
@cluster t.67 has 26 elements, 0 subclusters
28 123 0.596445
30 125 0.500495
103 191 0.563875
123 209 0.419237
141 225 0.793104
153 236 0.495489
171 252 0.248294
181 261 0.507770
182 262 0.360398
220 297 0.331981
256 329 0.413419
265 337 0.477258
280 350 0.512056
291 360 0.535182
298 367 0.420504
335 40 0.885381
387 447 0.757736
389 449 0.621539
401 46 0.444753
410 468 0.382550
412 47 0.480003
413 470 0.614701
437 492 0.638288
449 52 0.582349
458 60 0.535767
470 71 0.594821
@cluster t.68 has 1 elements, 0 subclusters
144 228 0.000000
@cluster t.69 has 1 elements, 0 subclusters
148 231 0.000000
@cluster t.70 has 1 elements, 0 subclusters
149 232 0.000000
@cluster t.71 has 1 elements, 0 subclusters
150 233 0.000000
@cluster t.72 has 2 elements, 0 subclusters
151 234 0.443910
358 420 0.443910
@cluster t.73 has 4 elements, 0 subclusters
152 235 0.660340
186 266 0.396839
227 302 0.548327
294 363 0.545422
@cluster t.74 has 1 elements, 0 subclusters
439 494 0.000000
@cluster t.75 has 1 elements, 0 subclusters
161 243 0.000000
@cluster t.76 has 2 elements, 0 subclusters
162 244 0.490771
315 382 0.490771
@cluster t.77 has 1 elements, 0 subclusters
163 245 0.000000
@cluster t.78 has 3 elements, 0 subclusters
166 248 0.329196
329 395 0.621490
337 401 0.502666
@cluster t.79 has 1 elements, 0 subclusters
167 249 0.000000
@cluster t.80 has 1 elements, 0 subclusters
174 255 0.000000
@cluster t.81 has 8 elements, 0 subclusters
46 14 0.696323
95 184 0.576328
180 260 0.368927
289 359 0.514789
297 366 0.640520
351 414 0.684403
487 87 0.461816
492 91 0.776454
@cluster t.82 has 7 elements, 0 subclusters
115 201 0.510788
164 246 0.430279
184 264 0.872919
229 304 0.468592
323 39 0.701134
339 403 0.643336
417 474 0.539980
@cluster t.83 has 4 elements, 0 subclusters
188 268 0.586418
199 278 0.423006
259 331 0.453056
330 396 0.640669
@cluster t.84 has 1 elements, 0 subclusters
190 27 0.000000
@cluster t.85 has 20 elements, 0 subclusters
42 136 0.552601
92 181 0.510386
111 199 0.487923
154 237 0.581392
157 24 0.603284
198 277 0.897879
237 311 0.430161
258 330 0.449949
281 351 0.561340
290 36 0.927864
316 383 0.724256
317 384 0.406394
322 389 0.779288
345 409 0.449691
360 422 0.786888
400 459 0.438755
402 460 0.520667
434 49 0.842968
456 59 0.565847
464 66 0.560310
@cluster t.86 has 2 elements, 0 subclusters
202 280 0.147985
372 433 0.147985
@cluster t.87 has 3 elements, 0 subclusters
206 284 0.559753
216 293 0.345107
327 393 0.424007
@cluster t.88 has 4 elements, 0 subclusters
49 142 0.748308
207 285 0.475456
248 321 0.694156
273 344 0.597538
@cluster t.89 has 1 elements, 0 subclusters
209 287 0.000000
@cluster t.90 has 1 elements, 0 subclusters
210 288 0.000000
@cluster t.91 has 1 elements, 0 subclusters
213 290 0.000000
@cluster t.92 has 3 elements, 0 subclusters
215 292 0.467558
442 497 0.631921
467 69 0.554897
@cluster t.93 has 1 elements, 0 subclusters
224 30 0.000000
@cluster t.94 has 1 elements, 0 subclusters
228 303 0.000000
@cluster t.95 has 1 elements, 0 subclusters
234 309 0.000000
@cluster t.96 has 1 elements, 0 subclusters
236 310 0.000000
@cluster t.97 has 5 elements, 0 subclusters
240 314 0.317282
312 38 0.763739
331 397 0.685359
356 419 0.566941
366 428 0.464660
@cluster t.98 has 2 elements, 0 subclusters
241 315 0.234110
340 404 0.234110
@cluster t.99 has 2 elements, 0 subclusters
246 32 0.245418
433 489 0.245418
@cluster t.100 has 2 elements, 0 subclusters
250 323 0.398366
446 50 0.398366
@cluster t.101 has 1 elements, 0 subclusters
252 325 0.000000
@cluster t.102 has 7 elements, 0 subclusters
169 250 0.565644
264 336 0.645431
318 385 0.670165
333 399 0.542177
363 425 0.646319
365 427 0.768858
379 44 0.660672
@cluster t.103 has 1 elements, 0 subclusters
271 342 0.000000
@cluster t.104 has 1 elements, 0 subclusters
272 343 0.000000
@cluster t.105 has 3 elements, 0 subclusters
283 353 0.470845
386 446 0.401712
414 471 0.569232
@cluster t.106 has 1 elements, 0 subclusters
287 357 0.000000
@cluster t.107 has 1 elements, 0 subclusters
438 493 0.000000
@cluster t.108 has 2 elements, 0 subclusters
299 368 0.228248
490 9 0.228248
@cluster t.109 has 1 elements, 0 subclusters
300 369 0.000000
@cluster t.110 has 2 elements, 0 subclusters
70 161 0.289999
301 37 0.289999
@cluster t.111 has 1 elements, 0 subclusters
310 378 0.000000
@cluster t.112 has 12 elements, 0 subclusters
277 348 0.472519
382 442 0.560167
390 45 0.660525
409 467 0.795796
423 48 0.475140
435 490 0.866296
440 495 0.649908
448 51 0.601618
472 73 0.443587
483 83 0.581393
491 90 0.485658
500 99 0.612367
@cluster t.113 has 1 elements, 0 subclusters
321 388 0.000000
@cluster t.114 has 1 elements, 0 subclusters
325 391 0.000000
@cluster t.115 has 1 elements, 0 subclusters
332 398 0.000000
@cluster t.116 has 1 elements, 0 subclusters
353 416 0.000000
@cluster t.117 has 1 elements, 0 subclusters
362 424 0.000000
@cluster t.118 has 1 elements, 0 subclusters
369 430 0.000000
@cluster t.119 has 2 elements, 0 subclusters
376 437 0.361847
474 75 0.361847
@cluster t.120 has 1 elements, 0 subclusters
378 439 0.000000
@cluster t.121 has 2 elements, 0 subclusters
380 440 0.426561
388 448 0.426561
@cluster t.122 has 5 elements, 0 subclusters
9 106 0.213903
127 212 0.324313
132 217 0.427300
306 374 0.389751
381 441 0.682515
@cluster t.123 has 2 elements, 0 subclusters
19 115 0.431692
393 452 0.431692
@cluster t.124 has 1 elements, 0 subclusters
396 455 0.000000
@cluster t.125 has 1 elements, 0 subclusters
405 463 0.000000
@cluster t.126 has 1 elements, 0 subclusters
407 465 0.000000
@cluster t.127 has 4 elements, 0 subclusters
10 107 0.503571
39 133 0.612514
326 392 0.368302
484 84 0.492432
