# cluster file
# automatically generated on: Sun Nov 12 22:24:20 2023
# mode: rmsd, filetype: pdb, lsqfit: 0, selmode: heavy
@cluster t has 500 elements, 160 subclusters
1 1
2 10
3 100
4 101
5 102
6 103
7 104
8 105
9 106
10 107
11 108
12 109
13 11
14 110
15 111
16 112
17 113
18 114
19 115
20 116
21 117
22 118
23 119
24 12
25 120
26 121
27 122
28 123
29 124
30 125
31 126
32 127
33 128
34 129
35 13
36 130
37 131
38 132
39 133
40 134
41 135
42 136
43 137
44 138
45 139
46 14
47 140
48 141
49 142
50 143
51 144
52 145
53 146
54 147
55 148
56 149
57 15
58 150
59 151
60 152
61 153
62 154
63 155
64 156
65 157
66 158
67 159
68 16
69 160
70 161
71 162
72 163
73 164
74 165
75 166
76 167
77 168
78 169
79 17
80 170
81 171
82 172
83 173
84 174
85 175
86 176
87 177
88 178
89 179
90 18
91 180
92 181
93 182
94 183
95 184
96 185
97 186
98 187
99 188
100 189
101 19
102 190
103 191
104 192
105 193
106 194
107 195
108 196
109 197
110 198
111 199
112 2
113 20
114 200
115 201
116 202
117 203
118 204
119 205
120 206
121 207
122 208
123 209
124 21
125 210
126 211
127 212
128 213
129 214
130 215
131 216
132 217
133 218
134 219
135 22
136 220
137 221
138 222
139 223
140 224
141 225
142 226
143 227
144 228
145 229
146 23
147 230
148 231
149 232
150 233
151 234
152 235
153 236
154 237
155 238
156 239
157 24
158 240
159 241
160 242
161 243
162 244
163 245
164 246
165 247
166 248
167 249
168 25
169 250
170 251
171 252
172 253
173 254
174 255
175 256
176 257
177 258
178 259
179 26
180 260
181 261
182 262
183 263
184 264
185 265
186 266
187 267
188 268
189 269
190 27
191 270
192 271
193 272
194 273
195 274
196 275
197 276
198 277
199 278
200 279
201 28
202 280
203 281
204 282
205 283
206 284
207 285
208 286
209 287
210 288
211 289
212 29
213 290
214 291
215 292
216 293
217 294
218 295
219 296
220 297
221 298
222 299
223 3
224 30
225 300
226 301
227 302
228 303
229 304
230 305
231 306
232 307
233 308
234 309
235 31
236 310
237 311
238 312
239 313
240 314
241 315
242 316
243 317
244 318
245 319
246 32
247 320
248 321
249 322
250 323
251 324
252 325
253 326
254 327
255 328
256 329
257 33
258 330
259 331
260 332
261 333
262 334
263 335
264 336
265 337
266 338
267 339
268 34
269 340
270 341
271 342
272 343
273 344
274 345
275 346
276 347
277 348
278 349
279 35
280 350
281 351
282 352
283 353
284 354
285 355
286 356
287 357
288 358
289 359
290 36
291 360
292 361
293 362
294 363
295 364
296 365
297 366
298 367
299 368
300 369
301 37
302 370
303 371
304 372
305 373
306 374
307 375
308 376
309 377
310 378
311 379
312 38
313 380
314 381
315 382
316 383
317 384
318 385
319 386
320 387
321 388
322 389
323 39
324 390
325 391
326 392
327 393
328 394
329 395
330 396
331 397
332 398
333 399
334 4
335 40
336 400
337 401
338 402
339 403
340 404
341 405
342 406
343 407
344 408
345 409
346 41
347 410
348 411
349 412
350 413
351 414
352 415
353 416
354 417
355 418
356 419
357 42
358 420
359 421
360 422
361 423
362 424
363 425
364 426
365 427
366 428
367 429
368 43
369 430
370 431
371 432
372 433
373 434
374 435
375 436
376 437
377 438
378 439
379 44
380 440
381 441
382 442
383 443
384 444
385 445
386 446
387 447
388 448
389 449
390 45
391 450
392 451
393 452
394 453
395 454
396 455
397 456
398 457
399 458
400 459
401 46
402 460
403 461
404 462
405 463
406 464
407 465
408 466
409 467
410 468
411 469
412 47
413 470
414 471
415 472
416 473
417 474
418 475
419 476
420 477
421 478
422 479
423 48
424 480
425 481
426 482
427 483
428 484
429 485
430 486
431 487
432 488
433 489
434 49
435 490
436 491
437 492
438 493
439 494
440 495
441 496
442 497
443 498
444 499
445 5
446 50
447 500
448 51
449 52
450 53
451 54
452 55
453 56
454 57
455 58
456 59
457 6
458 60
459 61
460 62
461 63
462 64
463 65
464 66
465 67
466 68
467 69
468 7
469 70
470 71
471 72
472 73
473 74
474 75
475 76
476 77
477 78
478 79
479 8
480 80
481 81
482 82
483 83
484 84
485 85
486 86
487 87
488 88
489 89
490 9
491 90
492 91
493 92
494 93
495 94
496 95
497 96
498 97
499 98
500 99
@cluster t.1 has 1 elements, 0 subclusters
499 98 0.000000
@cluster t.2 has 4 elements, 0 subclusters
2 10 0.566865
235 31 0.540333
304 372 0.517238
419 476 0.550714
@cluster t.3 has 1 elements, 0 subclusters
497 96 0.000000
@cluster t.4 has 50 elements, 0 subclusters
4 101 0.547253
5 102 0.639551
24 12 0.412583
30 125 0.515616
71 162 0.363145
73 164 0.692266
90 18 0.513371
92 181 0.318728
102 190 0.334363
118 204 0.299391
123 209 0.809701
126 211 0.334703
127 212 0.229579
128 213 0.414919
131 216 0.726960
139 223 0.274357
143 227 0.419858
144 228 0.274822
167 249 0.747011
177 258 0.523264
179 26 0.907216
184 264 0.454706
185 265 0.574776
214 291 0.356275
218 295 0.395729
222 299 0.405555
229 304 0.259428
232 307 0.310194
239 313 0.466971
241 315 0.227617
276 347 0.887868
280 350 0.501654
287 357 0.730547
324 390 0.636512
328 394 0.346264
334 4 0.397828
353 416 0.527481
354 417 0.968646
362 424 0.473290
390 45 0.365756
406 464 0.299445
409 467 0.320194
422 479 0.288168
423 48 0.436328
428 484 0.956221
432 488 0.519948
434 49 0.694237
442 497 0.589200
474 75 0.365002
491 90 0.245897
@cluster t.5 has 2 elements, 0 subclusters
6 103 0.462726
104 192 0.462726
@cluster t.6 has 6 elements, 0 subclusters
7 104 0.480439
28 123 0.815120
116 202 0.640342
302 370 0.549204
455 58 0.779811
469 70 0.553976
@cluster t.7 has 1 elements, 0 subclusters
8 105 0.000000
@cluster t.8 has 1 elements, 0 subclusters
496 95 0.000000
@cluster t.9 has 3 elements, 0 subclusters
10 107 0.430030
356 419 0.664635
485 85 0.498872
@cluster t.10 has 3 elements, 0 subclusters
11 108 0.192514
135 22 0.472386
180 260 0.571835
@cluster t.11 has 13 elements, 0 subclusters
12 109 0.425388
47 140 0.389156
63 155 0.418431
80 170 0.909360
112 2 0.687566
157 24 0.723459
178 259 0.424047
196 275 0.775034
237 311 0.561753
358 420 0.571328
360 422 0.897692
398 457 0.332269
429 485 0.662306
@cluster t.12 has 8 elements, 0 subclusters
13 11 0.443687
295 364 0.493021
333 399 0.292848
359 421 0.222983
376 437 0.212898
383 443 0.249646
392 451 0.354921
459 61 0.663217
@cluster t.13 has 17 elements, 0 subclusters
14 110 0.748524
22 118 0.295678
23 119 0.305212
60 152 0.309585
67 159 0.492874
174 255 0.562497
255 328 0.850031
267 339 0.460211
279 35 0.645142
318 385 0.440388
321 388 0.485909
327 393 0.876574
331 397 0.649714
405 463 0.416403
411 469 0.420248
420 477 0.307382
424 480 0.479607
@cluster t.14 has 2 elements, 0 subclusters
15 111 0.459417
145 229 0.459417
@cluster t.15 has 1 elements, 0 subclusters
16 112 0.000000
@cluster t.16 has 16 elements, 0 subclusters
1 1 0.599937
3 100 0.771347
17 113 0.745388
46 14 0.413266
51 144 0.537058
61 153 0.475475
130 215 0.737678
164 246 0.541636
165 247 0.791690
206 284 0.367363
292 361 0.481908
307 375 0.752151
317 384 0.333942
387 447 0.535571
403 461 0.323477
478 79 0.265148
@cluster t.17 has 2 elements, 0 subclusters
374 435 0.372039
495 94 0.372039
@cluster t.18 has 4 elements, 0 subclusters
19 115 0.601284
142 226 0.305368
195 274 0.361364
260 332 0.221835
@cluster t.19 has 9 elements, 0 subclusters
20 116 0.565388
25 120 0.671200
115 201 0.897834
168 25 0.798635
172 253 0.703728
298 367 0.724039
381 441 0.805527
475 76 0.829303
480 80 0.581315
@cluster t.20 has 1 elements, 0 subclusters
21 117 0.000000
@cluster t.21 has 4 elements, 0 subclusters
26 121 0.636557
75 166 0.679020
103 191 0.446674
365 427 0.625635
@cluster t.22 has 7 elements, 0 subclusters
27 122 0.425406
70 161 0.702727
121 207 0.634634
201 28 0.664465
212 29 0.773503
468 7 0.695524
481 81 0.624585
@cluster t.23 has 4 elements, 0 subclusters
29 124 0.795170
226 301 0.386857
253 326 0.712126
293 362 0.602897
@cluster t.24 has 1 elements, 0 subclusters
493 92 0.000000
@cluster t.25 has 1 elements, 0 subclusters
32 127 0.000000
@cluster t.26 has 1 elements, 0 subclusters
484 84 0.000000
@cluster t.27 has 4 elements, 0 subclusters
34 129 0.599300
220 297 0.652353
278 349 0.559518
342 406 0.531513
@cluster t.28 has 1 elements, 0 subclusters
35 13 0.000000
@cluster t.29 has 4 elements, 0 subclusters
36 130 0.573315
86 176 0.498241
170 251 0.687662
338 402 0.619691
@cluster t.30 has 3 elements, 0 subclusters
37 131 0.445575
209 287 0.459862
454 57 0.482478
@cluster t.31 has 5 elements, 0 subclusters
38 132 0.786059
120 206 0.395644
329 395 0.694627
394 453 0.522497
457 6 0.428498
@cluster t.32 has 18 elements, 0 subclusters
31 126 0.895341
39 133 0.629823
50 143 0.420325
55 148 0.658934
66 158 0.767898
125 210 0.938845
153 236 0.312473
159 241 0.409999
186 266 0.389137
204 282 0.316280
240 314 0.604112
270 341 0.344296
289 359 0.472691
332 398 0.500784
335 40 0.730330
350 413 0.458519
370 431 0.467964
500 99 0.874525
@cluster t.33 has 5 elements, 0 subclusters
40 134 0.518397
108 196 0.623909
154 237 0.785253
227 302 0.711347
330 396 0.492821
@cluster t.34 has 2 elements, 0 subclusters
42 136 0.462288
395 454 0.462288
@cluster t.35 has 2 elements, 0 subclusters
43 137 0.400287
290 36 0.400287
@cluster t.36 has 2 elements, 0 subclusters
44 138 0.318710
150 233 0.318710
@cluster t.37 has 25 elements, 0 subclusters
45 139 0.264725
82 172 0.475491
119 205 0.395546
136 220 0.340399
137 221 0.431870
147 230 0.421501
149 232 0.187923
188 268 0.108830
189 269 0.287993
203 281 0.499661
225 300 0.271539
234 309 0.421015
252 325 0.622401
261 333 0.200582
271 342 0.515438
277 348 0.245352
310 378 0.217306
337 401 0.179561
367 429 0.323391
373 434 0.298453
421 478 0.667097
430 486 0.448216
435 490 0.421471
440 495 0.163213
456 59 0.407826
@cluster t.38 has 4 elements, 0 subclusters
48 141 0.515805
175 256 0.550519
244 318 0.443556
449 52 0.566264
@cluster t.39 has 3 elements, 0 subclusters
49 142 0.619907
94 183 0.446712
347 410 0.535852
@cluster t.40 has 3 elements, 0 subclusters
52 145 0.465019
83 173 0.549894
400 459 0.381738
@cluster t.41 has 1 elements, 0 subclusters
482 82 0.000000
@cluster t.42 has 14 elements, 0 subclusters
54 147 0.570965
76 167 0.875235
198 277 0.594120
246 32 0.637016
257 33 0.721240
316 383 0.452646
357 42 0.680803
375 436 0.667337
416 473 0.790531
458 60 0.881641
461 63 0.609809
462 64 0.607813
472 73 0.561628
490 9 0.743312
@cluster t.43 has 6 elements, 0 subclusters
56 149 0.213695
58 150 0.207055
91 180 0.205836
219 296 0.758419
248 321 0.540873
258 330 0.808347
@cluster t.44 has 1 elements, 0 subclusters
57 15 0.000000
@cluster t.45 has 11 elements, 0 subclusters
59 151 0.564122
64 156 0.667697
101 19 0.768799
161 243 0.717010
197 276 0.737934
213 290 0.579966
224 30 0.726315
407 465 0.547380
443 498 0.726270
452 55 0.816439
488 88 0.653822
@cluster t.46 has 1 elements, 0 subclusters
62 154 0.000000
@cluster t.47 has 3 elements, 0 subclusters
65 157 0.472350
87 177 0.594572
346 41 0.331713
@cluster t.48 has 1 elements, 0 subclusters
466 68 0.000000
@cluster t.49 has 1 elements, 0 subclusters
69 160 0.000000
@cluster t.50 has 1 elements, 0 subclusters
72 163 0.000000
@cluster t.51 has 1 elements, 0 subclusters
74 165 0.000000
@cluster t.52 has 9 elements, 0 subclusters
78 169 0.426344
85 175 0.508885
156 239 0.675967
192 271 0.830159
312 38 0.494213
323 39 0.524604
391 450 0.489126
446 50 0.593165
483 83 0.531718
@cluster t.53 has 2 elements, 0 subclusters
460 62 0.390457
489 89 0.390457
@cluster t.54 has 2 elements, 0 subclusters
77 168 0.422140
97 186 0.422140
@cluster t.55 has 1 elements, 0 subclusters
79 17 0.000000
@cluster t.56 has 1 elements, 0 subclusters
453 56 0.000000
@cluster t.57 has 6 elements, 0 subclusters
68 16 0.682900
81 171 0.608296
93 182 0.387119
182 262 0.405350
431 487 0.442851
470 71 0.789069
@cluster t.58 has 1 elements, 0 subclusters
445 5 0.000000
@cluster t.59 has 1 elements, 0 subclusters
439 494 0.000000
@cluster t.60 has 1 elements, 0 subclusters
88 178 0.000000
@cluster t.61 has 5 elements, 0 subclusters
89 179 0.529746
98 187 0.372051
133 218 0.436698
158 240 0.650170
193 272 0.294332
@cluster t.62 has 3 elements, 0 subclusters
95 184 0.517343
401 46 0.328781
427 483 0.260882
@cluster t.63 has 3 elements, 0 subclusters
96 185 0.377655
313 380 0.404942
477 78 0.564938
@cluster t.64 has 4 elements, 0 subclusters
99 188 0.662574
109 197 0.582265
425 481 0.732715
437 492 0.483363
@cluster t.65 has 1 elements, 0 subclusters
100 189 0.000000
@cluster t.66 has 2 elements, 0 subclusters
105 193 0.460054
319 386 0.460054
@cluster t.67 has 1 elements, 0 subclusters
106 194 0.000000
@cluster t.68 has 9 elements, 0 subclusters
84 174 0.775589
107 195 0.531075
163 245 0.831288
200 279 0.446410
242 316 0.705499
266 338 0.541810
314 381 0.557813
408 466 0.782161
451 54 0.685872
@cluster t.69 has 1 elements, 0 subclusters
110 198 0.000000
@cluster t.70 has 1 elements, 0 subclusters
111 199 0.000000
@cluster t.71 has 1 elements, 0 subclusters
113 20 0.000000
@cluster t.72 has 1 elements, 0 subclusters
114 200 0.000000
@cluster t.73 has 9 elements, 0 subclusters
117 203 0.510139
194 273 0.476456
228 303 0.583021
268 34 0.193816
297 366 0.529835
343 407 0.246078
385 445 0.660275
487 87 0.518404
498 97 0.343602
@cluster t.74 has 8 elements, 0 subclusters
9 106 0.490231
41 135 0.445204
122 208 0.706354
254 327 0.732442
364 426 0.490766
399 458 0.788462
441 496 0.704279
494 93 0.750043
@cluster t.75 has 10 elements, 0 subclusters
18 114 0.766184
124 21 0.676188
183 263 0.385243
296 365 0.698598
348 411 0.834249
369 430 0.509032
414 471 0.504299
450 53 0.779892
464 66 0.793274
479 8 0.612130
@cluster t.76 has 1 elements, 0 subclusters
129 214 0.000000
@cluster t.77 has 1 elements, 0 subclusters
132 217 0.000000
@cluster t.78 has 1 elements, 0 subclusters
134 219 0.000000
@cluster t.79 has 9 elements, 0 subclusters
138 222 0.561323
140 224 0.577020
152 235 0.559188
256 329 0.586796
259 331 0.810864
263 335 0.380571
269 340 0.711198
438 493 0.639698
476 77 0.719702
@cluster t.80 has 1 elements, 0 subclusters
141 225 0.000000
@cluster t.81 has 1 elements, 0 subclusters
146 23 0.000000
@cluster t.82 has 5 elements, 0 subclusters
148 231 0.431672
264 336 0.496911
412 47 0.795764
471 72 0.553386
486 86 0.408186
@cluster t.83 has 2 elements, 0 subclusters
151 234 0.438429
274 345 0.438429
@cluster t.84 has 1 elements, 0 subclusters
436 491 0.000000
@cluster t.85 has 1 elements, 0 subclusters
155 238 0.000000
@cluster t.86 has 1 elements, 0 subclusters
160 242 0.000000
@cluster t.87 has 1 elements, 0 subclusters
162 244 0.000000
@cluster t.88 has 1 elements, 0 subclusters
166 248 0.000000
@cluster t.89 has 1 elements, 0 subclusters
169 250 0.000000
@cluster t.90 has 1 elements, 0 subclusters
426 482 0.000000
@cluster t.91 has 1 elements, 0 subclusters
171 252 0.000000
@cluster t.92 has 2 elements, 0 subclusters
173 254 0.387965
352 415 0.387965
@cluster t.93 has 1 elements, 0 subclusters
176 257 0.000000
@cluster t.94 has 2 elements, 0 subclusters
181 261 0.400451
305 373 0.400451
@cluster t.95 has 3 elements, 0 subclusters
33 128 0.663667
187 267 0.733014
384 444 0.410480
@cluster t.96 has 1 elements, 0 subclusters
190 27 0.000000
@cluster t.97 has 1 elements, 0 subclusters
191 270 0.000000
@cluster t.98 has 1 elements, 0 subclusters
415 472 0.000000
@cluster t.99 has 1 elements, 0 subclusters
199 278 0.000000
@cluster t.100 has 1 elements, 0 subclusters
202 280 0.000000
@cluster t.101 has 1 elements, 0 subclusters
205 283 0.000000
@cluster t.102 has 3 elements, 0 subclusters
207 285 0.441744
247 320 0.638463
467 69 0.461205
@cluster t.103 has 1 elements, 0 subclusters
208 286 0.000000
@cluster t.104 has 2 elements, 0 subclusters
210 288 0.379831
320 387 0.379831
@cluster t.105 has 5 elements, 0 subclusters
53 146 0.748827
211 289 0.596468
315 382 0.658639
361 423 0.331533
379 44 0.657931
@cluster t.106 has 3 elements, 0 subclusters
215 292 0.483832
265 337 0.319429
463 65 0.375369
@cluster t.107 has 2 elements, 0 subclusters
216 293 0.431962
473 74 0.431962
@cluster t.108 has 3 elements, 0 subclusters
217 294 0.548457
238 312 0.439056
413 470 0.532614
@cluster t.109 has 1 elements, 0 subclusters
221 298 0.000000
@cluster t.110 has 1 elements, 0 subclusters
223 3 0.000000
@cluster t.111 has 1 elements, 0 subclusters
230 305 0.000000
@cluster t.112 has 1 elements, 0 subclusters
231 306 0.000000
@cluster t.113 has 1 elements, 0 subclusters
233 308 0.000000
@cluster t.114 has 2 elements, 0 subclusters
236 310 0.205684
492 91 0.205684
@cluster t.115 has 1 elements, 0 subclusters
243 317 0.000000
@cluster t.116 has 1 elements, 0 subclusters
245 319 0.000000
@cluster t.117 has 1 elements, 0 subclusters
249 322 0.000000
@cluster t.118 has 1 elements, 0 subclusters
250 323 0.000000
@cluster t.119 has 1 elements, 0 subclusters
251 324 0.000000
@cluster t.120 has 1 elements, 0 subclusters
410 468 0.000000
@cluster t.121 has 1 elements, 0 subclusters
262 334 0.000000
@cluster t.122 has 1 elements, 0 subclusters
272 343 0.000000
@cluster t.123 has 1 elements, 0 subclusters
273 344 0.000000
@cluster t.124 has 1 elements, 0 subclusters
275 346 0.000000
@cluster t.125 has 1 elements, 0 subclusters
281 351 0.000000
@cluster t.126 has 1 elements, 0 subclusters
282 352 0.000000
@cluster t.127 has 1 elements, 0 subclusters
283 353 0.000000
@cluster t.128 has 2 elements, 0 subclusters
284 354 0.463934
377 438 0.463934
@cluster t.129 has 2 elements, 0 subclusters
285 355 0.290013
404 462 0.290013
@cluster t.130 has 1 elements, 0 subclusters
286 356 0.000000
@cluster t.131 has 1 elements, 0 subclusters
288 358 0.000000
@cluster t.132 has 1 elements, 0 subclusters
291 360 0.000000
@cluster t.133 has 2 elements, 0 subclusters
294 363 0.458138
308 376 0.458138
@cluster t.134 has 2 elements, 0 subclusters
299 368 0.496620
311 379 0.496620
@cluster t.135 has 2 elements, 0 subclusters
300 369 0.233310
417 474 0.233310
@cluster t.136 has 1 elements, 0 subclusters
301 37 0.000000
@cluster t.137 has 3 elements, 0 subclusters
303 371 0.501709
363 425 0.533794
378 439 0.454729
@cluster t.138 has 1 elements, 0 subclusters
306 374 0.000000
@cluster t.139 has 1 elements, 0 subclusters
309 377 0.000000
@cluster t.140 has 1 elements, 0 subclusters
322 389 0.000000
@cluster t.141 has 1 elements, 0 subclusters
325 391 0.000000
@cluster t.142 has 9 elements, 0 subclusters
326 392 0.473241
340 404 0.342381
349 412 0.362483
351 414 0.437922
355 418 0.812741
418 475 0.586786
444 499 0.613344
447 500 0.458340
465 67 0.792679
@cluster t.143 has 1 elements, 0 subclusters
336 400 0.000000
@cluster t.144 has 1 elements, 0 subclusters
339 403 0.000000
@cluster t.145 has 1 elements, 0 subclusters
341 405 0.000000
@cluster t.146 has 1 elements, 0 subclusters
344 408 0.000000
@cluster t.147 has 1 elements, 0 subclusters
345 409 0.000000
@cluster t.148 has 1 elements, 0 subclusters
402 460 0.000000
@cluster t.149 has 1 elements, 0 subclusters
366 428 0.000000
@cluster t.150 has 1 elements, 0 subclusters
368 43 0.000000
@cluster t.151 has 1 elements, 0 subclusters
371 432 0.000000
@cluster t.152 has 1 elements, 0 subclusters
372 433 0.000000
@cluster t.153 has 1 elements, 0 subclusters
380 440 0.000000
@cluster t.154 has 1 elements, 0 subclusters
382 442 0.000000
@cluster t.155 has 1 elements, 0 subclusters
386 446 0.000000
@cluster t.156 has 3 elements, 0 subclusters
388 448 0.280416
433 489 0.330069
448 51 0.428048
@cluster t.157 has 1 elements, 0 subclusters
389 449 0.000000
@cluster t.158 has 1 elements, 0 subclusters
393 452 0.000000
@cluster t.159 has 1 elements, 0 subclusters
396 455 0.000000
@cluster t.160 has 1 elements, 0 subclusters
397 456 0.000000
