# cluster file
# automatically generated on: Sun Nov 12 23:03:20 2023
# mode: rmsd, filetype: pdb, lsqfit: 0, selmode: heavy
@cluster t has 500 elements, 118 subclusters
1 1
2 10
3 100
4 101
5 102
6 103
7 104
8 105
9 106
10 107
11 108
12 109
13 11
14 110
15 111
16 112
17 113
18 114
19 115
20 116
21 117
22 118
23 119
24 12
25 120
26 121
27 122
28 123
29 124
30 125
31 126
32 127
33 128
34 129
35 13
36 130
37 131
38 132
39 133
40 134
41 135
42 136
43 137
44 138
45 139
46 14
47 140
48 141
49 142
50 143
51 144
52 145
53 146
54 147
55 148
56 149
57 15
58 150
59 151
60 152
61 153
62 154
63 155
64 156
65 157
66 158
67 159
68 16
69 160
70 161
71 162
72 163
73 164
74 165
75 166
76 167
77 168
78 169
79 17
80 170
81 171
82 172
83 173
84 174
85 175
86 176
87 177
88 178
89 179
90 18
91 180
92 181
93 182
94 183
95 184
96 185
97 186
98 187
99 188
100 189
101 19
102 190
103 191
104 192
105 193
106 194
107 195
108 196
109 197
110 198
111 199
112 2
113 20
114 200
115 201
116 202
117 203
118 204
119 205
120 206
121 207
122 208
123 209
124 21
125 210
126 211
127 212
128 213
129 214
130 215
131 216
132 217
133 218
134 219
135 22
136 220
137 221
138 222
139 223
140 224
141 225
142 226
143 227
144 228
145 229
146 23
147 230
148 231
149 232
150 233
151 234
152 235
153 236
154 237
155 238
156 239
157 24
158 240
159 241
160 242
161 243
162 244
163 245
164 246
165 247
166 248
167 249
168 25
169 250
170 251
171 252
172 253
173 254
174 255
175 256
176 257
177 258
178 259
179 26
180 260
181 261
182 262
183 263
184 264
185 265
186 266
187 267
188 268
189 269
190 27
191 270
192 271
193 272
194 273
195 274
196 275
197 276
198 277
199 278
200 279
201 28
202 280
203 281
204 282
205 283
206 284
207 285
208 286
209 287
210 288
211 289
212 29
213 290
214 291
215 292
216 293
217 294
218 295
219 296
220 297
221 298
222 299
223 3
224 30
225 300
226 301
227 302
228 303
229 304
230 305
231 306
232 307
233 308
234 309
235 31
236 310
237 311
238 312
239 313
240 314
241 315
242 316
243 317
244 318
245 319
246 32
247 320
248 321
249 322
250 323
251 324
252 325
253 326
254 327
255 328
256 329
257 33
258 330
259 331
260 332
261 333
262 334
263 335
264 336
265 337
266 338
267 339
268 34
269 340
270 341
271 342
272 343
273 344
274 345
275 346
276 347
277 348
278 349
279 35
280 350
281 351
282 352
283 353
284 354
285 355
286 356
287 357
288 358
289 359
290 36
291 360
292 361
293 362
294 363
295 364
296 365
297 366
298 367
299 368
300 369
301 37
302 370
303 371
304 372
305 373
306 374
307 375
308 376
309 377
310 378
311 379
312 38
313 380
314 381
315 382
316 383
317 384
318 385
319 386
320 387
321 388
322 389
323 39
324 390
325 391
326 392
327 393
328 394
329 395
330 396
331 397
332 398
333 399
334 4
335 40
336 400
337 401
338 402
339 403
340 404
341 405
342 406
343 407
344 408
345 409
346 41
347 410
348 411
349 412
350 413
351 414
352 415
353 416
354 417
355 418
356 419
357 42
358 420
359 421
360 422
361 423
362 424
363 425
364 426
365 427
366 428
367 429
368 43
369 430
370 431
371 432
372 433
373 434
374 435
375 436
376 437
377 438
378 439
379 44
380 440
381 441
382 442
383 443
384 444
385 445
386 446
387 447
388 448
389 449
390 45
391 450
392 451
393 452
394 453
395 454
396 455
397 456
398 457
399 458
400 459
401 46
402 460
403 461
404 462
405 463
406 464
407 465
408 466
409 467
410 468
411 469
412 47
413 470
414 471
415 472
416 473
417 474
418 475
419 476
420 477
421 478
422 479
423 48
424 480
425 481
426 482
427 483
428 484
429 485
430 486
431 487
432 488
433 489
434 49
435 490
436 491
437 492
438 493
439 494
440 495
441 496
442 497
443 498
444 499
445 5
446 50
447 500
448 51
449 52
450 53
451 54
452 55
453 56
454 57
455 58
456 59
457 6
458 60
459 61
460 62
461 63
462 64
463 65
464 66
465 67
466 68
467 69
468 7
469 70
470 71
471 72
472 73
473 74
474 75
475 76
476 77
477 78
478 79
479 8
480 80
481 81
482 82
483 83
484 84
485 85
486 86
487 87
488 88
489 89
490 9
491 90
492 91
493 92
494 93
495 94
496 95
497 96
498 97
499 98
500 99
@cluster t.1 has 13 elements, 0 subclusters
1 1 0.444649
25 120 0.617600
59 151 0.405913
145 229 0.386380
188 268 0.603558
218 295 0.472472
276 347 0.631063
282 352 0.664622
288 358 0.618687
346 41 0.700934
349 412 0.482489
405 463 0.759910
410 468 0.699081
@cluster t.2 has 1 elements, 0 subclusters
2 10 0.000000
@cluster t.3 has 1 elements, 0 subclusters
476 77 0.000000
@cluster t.4 has 18 elements, 0 subclusters
4 101 0.808459
6 103 0.450232
67 159 0.483271
173 254 0.636658
175 256 0.556854
180 260 0.540213
190 27 0.571783
236 310 0.742405
303 371 0.525785
320 387 0.613125
323 39 0.400345
352 415 0.802219
363 425 0.452152
402 460 0.447572
419 476 0.656727
429 485 0.520609
477 78 0.466529
483 83 0.633743
@cluster t.5 has 10 elements, 0 subclusters
5 102 0.402535
107 195 0.837510
202 280 0.573608
235 31 0.576004
295 364 0.538501
338 402 0.614683
399 458 0.657127
403 461 0.706756
425 481 0.498503
465 67 0.865022
@cluster t.6 has 1 elements, 0 subclusters
474 75 0.000000
@cluster t.7 has 25 elements, 0 subclusters
7 104 0.418065
41 135 0.614718
51 144 0.451655
76 167 0.710064
93 182 0.370418
111 199 0.313373
122 208 0.693063
126 211 0.757383
135 22 0.507939
151 234 0.469309
203 281 0.515764
211 289 0.354199
214 291 0.626295
220 297 0.707288
221 298 0.484660
305 373 0.365517
324 390 0.541065
345 409 0.539691
359 421 0.391368
390 45 0.449998
407 465 0.657220
435 490 0.731037
454 57 0.496632
473 74 0.703947
492 91 0.554097
@cluster t.8 has 1 elements, 0 subclusters
8 105 0.000000
@cluster t.9 has 9 elements, 0 subclusters
9 106 0.400417
26 121 0.434470
95 184 0.494825
228 303 0.662951
241 315 0.587834
258 330 0.647614
259 331 0.484695
422 479 0.672151
453 56 0.581177
@cluster t.10 has 38 elements, 0 subclusters
10 107 0.707514
22 118 0.770811
29 124 0.479073
37 131 0.782755
75 166 0.496838
109 197 0.422072
116 202 0.254727
121 207 0.648010
142 226 0.379566
149 232 0.872207
153 236 0.760777
160 242 0.801502
164 246 0.501381
168 25 0.373124
187 267 0.660559
191 270 0.516457
195 274 0.532430
206 284 0.390498
207 285 0.427421
273 344 0.508631
339 403 0.504903
341 405 0.557311
353 416 0.361725
368 43 0.975598
383 443 0.583713
385 445 0.533652
392 451 0.399167
396 455 0.510429
414 471 0.435037
418 475 0.659524
445 5 0.702764
448 51 0.475844
455 58 0.512749
457 6 0.544725
484 84 0.628204
493 92 0.629989
494 93 0.638427
497 96 0.418311
@cluster t.11 has 1 elements, 0 subclusters
470 71 0.000000
@cluster t.12 has 1 elements, 0 subclusters
469 70 0.000000
@cluster t.13 has 28 elements, 0 subclusters
13 11 0.384841
18 114 0.705565
52 145 0.490395
63 155 0.640763
123 209 0.519883
132 217 0.505684
137 221 0.302513
167 249 0.728186
177 258 0.474372
200 279 0.713625
219 296 0.329948
225 300 0.518781
269 340 0.646639
271 342 0.429221
272 343 0.715559
279 35 0.450326
290 36 0.598461
296 365 0.673661
300 369 0.659234
322 389 0.620361
334 4 0.863073
351 414 0.616392
355 418 0.634387
381 441 0.544709
391 450 0.530407
412 47 0.798724
446 50 0.365258
460 62 0.515215
@cluster t.14 has 16 elements, 0 subclusters
44 138 0.574232
73 164 0.548534
100 189 0.835618
147 230 0.726967
157 24 0.604239
201 28 0.615871
243 317 0.657925
246 32 0.730199
293 362 0.595260
386 446 0.812870
408 466 0.567577
421 478 0.688496
431 487 0.572729
447 500 0.548079
481 81 0.621434
485 85 0.830743
@cluster t.15 has 4 elements, 0 subclusters
15 111 0.645121
169 250 0.387516
361 423 0.474773
490 9 0.357892
@cluster t.16 has 13 elements, 0 subclusters
16 112 0.359354
50 143 0.693204
89 179 0.505150
98 187 0.665397
120 206 0.486293
166 248 0.361564
249 322 0.884126
270 341 0.514148
307 375 0.904101
362 424 0.567044
367 429 0.616002
428 484 0.600140
479 8 0.808423
@cluster t.17 has 4 elements, 0 subclusters
17 113 0.456281
71 162 0.462496
158 240 0.660537
427 483 0.588683
@cluster t.18 has 3 elements, 0 subclusters
19 115 0.640332
47 140 0.369783
223 3 0.446567
@cluster t.19 has 11 elements, 0 subclusters
20 116 0.739727
34 129 0.627664
66 158 0.746668
138 222 0.883154
144 228 0.598087
172 253 0.636318
178 259 0.406572
292 361 0.536382
358 420 0.932367
387 447 0.833672
475 76 0.688226
@cluster t.20 has 4 elements, 0 subclusters
21 117 0.536462
86 176 0.453488
222 299 0.791536
232 307 0.658583
@cluster t.21 has 17 elements, 0 subclusters
12 109 0.837175
72 163 0.504354
82 172 0.669102
113 20 0.514713
199 278 0.325827
212 29 0.270760
215 292 0.749544
254 327 0.856110
311 379 0.319513
347 410 0.507417
371 432 0.477376
377 438 0.714904
395 454 0.311825
411 469 0.801882
417 474 0.756502
482 82 0.489983
489 89 0.450458
@cluster t.22 has 15 elements, 0 subclusters
23 119 0.544406
31 126 0.611444
85 175 0.792446
108 196 0.743363
139 223 0.498708
146 23 0.753019
174 255 0.693279
181 261 0.639443
184 264 0.651507
196 275 0.770241
310 378 0.688226
326 392 0.585404
343 407 0.579894
442 497 0.836108
444 499 0.632295
@cluster t.23 has 1 elements, 0 subclusters
24 12 0.000000
@cluster t.24 has 1 elements, 0 subclusters
27 122 0.000000
@cluster t.25 has 2 elements, 0 subclusters
32 127 0.248518
283 353 0.248518
@cluster t.26 has 1 elements, 0 subclusters
35 13 0.000000
@cluster t.27 has 19 elements, 0 subclusters
36 130 0.495089
42 136 0.541526
103 191 0.487962
110 198 0.638563
183 263 0.600635
224 30 0.663968
233 308 0.595410
251 324 0.828840
257 33 0.811775
261 333 0.583217
299 368 0.639415
304 372 0.394384
357 42 0.811906
370 431 0.843201
382 442 0.523002
406 464 0.651790
443 498 0.856964
478 79 0.555616
480 80 0.626368
@cluster t.28 has 1 elements, 0 subclusters
39 133 0.000000
@cluster t.29 has 11 elements, 0 subclusters
40 134 0.722658
119 205 0.744847
131 216 0.709874
140 224 0.344666
171 252 0.740144
185 265 0.597647
342 406 0.564835
350 413 0.381880
366 428 0.534346
415 472 0.834567
440 495 0.719824
@cluster t.30 has 4 elements, 0 subclusters
43 137 0.426365
245 319 0.333136
287 357 0.236311
384 444 0.523512
@cluster t.31 has 1 elements, 0 subclusters
45 139 0.000000
@cluster t.32 has 1 elements, 0 subclusters
46 14 0.000000
@cluster t.33 has 1 elements, 0 subclusters
49 142 0.000000
@cluster t.34 has 16 elements, 0 subclusters
53 146 0.527040
79 17 0.506306
99 188 0.333859
179 26 0.584312
205 283 0.750942
255 328 0.621449
289 359 0.840137
297 366 0.590165
308 376 0.871727
318 385 0.708173
348 411 0.611638
397 456 0.843418
462 64 0.799024
464 66 0.614800
491 90 0.697925
495 94 0.780460
@cluster t.35 has 5 elements, 0 subclusters
55 148 0.361189
57 15 0.533728
80 170 0.408457
231 306 0.737896
328 394 0.565516
@cluster t.36 has 2 elements, 0 subclusters
60 152 0.453290
165 247 0.453290
@cluster t.37 has 1 elements, 0 subclusters
64 156 0.000000
@cluster t.38 has 14 elements, 0 subclusters
48 141 0.454760
61 153 0.287782
62 154 0.713071
65 157 0.835712
102 190 0.546828
112 2 0.745592
117 203 0.445631
152 235 0.463161
154 237 0.564986
197 276 0.768680
277 348 0.816700
309 377 0.776107
375 436 0.840384
500 99 0.770945
@cluster t.39 has 11 elements, 0 subclusters
68 16 0.543291
104 192 0.587697
150 233 0.666161
163 245 0.813283
186 266 0.626948
267 339 0.387678
314 381 0.701136
369 430 0.775861
389 449 0.585478
423 48 0.574547
456 59 0.816943
@cluster t.40 has 2 elements, 0 subclusters
69 160 0.450033
248 321 0.450033
@cluster t.41 has 11 elements, 0 subclusters
70 161 0.669476
128 213 0.273556
213 290 0.894296
253 326 0.831244
317 384 0.613883
333 399 0.516872
379 44 0.423276
400 459 0.421982
404 462 0.603314
472 73 0.554398
488 88 0.426083
@cluster t.42 has 1 elements, 0 subclusters
77 168 0.000000
@cluster t.43 has 1 elements, 0 subclusters
78 169 0.000000
@cluster t.44 has 7 elements, 0 subclusters
38 132 0.510073
83 173 0.696393
91 180 0.721511
193 272 0.427517
194 273 0.706170
217 294 0.490105
244 318 0.808452
@cluster t.45 has 2 elements, 0 subclusters
84 174 0.480710
298 367 0.480710
@cluster t.46 has 1 elements, 0 subclusters
87 177 0.000000
@cluster t.47 has 9 elements, 0 subclusters
88 178 0.598827
170 251 0.626481
229 304 0.585135
256 329 0.666088
286 356 0.377479
321 388 0.802550
337 401 0.488877
354 417 0.575549
356 419 0.772930
@cluster t.48 has 7 elements, 0 subclusters
28 123 0.706736
90 18 0.501660
130 215 0.415783
210 288 0.634670
306 374 0.683673
335 40 0.638449
449 52 0.545750
@cluster t.49 has 1 elements, 0 subclusters
92 181 0.000000
@cluster t.50 has 1 elements, 0 subclusters
94 183 0.000000
@cluster t.51 has 1 elements, 0 subclusters
96 185 0.000000
@cluster t.52 has 4 elements, 0 subclusters
97 186 0.678429
376 437 0.484830
394 453 0.731559
486 86 0.732935
@cluster t.53 has 1 elements, 0 subclusters
468 7 0.000000
@cluster t.54 has 2 elements, 0 subclusters
105 193 0.477117
313 380 0.477117
@cluster t.55 has 1 elements, 0 subclusters
106 194 0.000000
@cluster t.56 has 1 elements, 0 subclusters
461 63 0.000000
@cluster t.57 has 3 elements, 0 subclusters
114 200 0.222561
133 218 0.570771
216 293 0.502106
@cluster t.58 has 2 elements, 0 subclusters
115 201 0.473106
278 349 0.473106
@cluster t.59 has 1 elements, 0 subclusters
118 204 0.000000
@cluster t.60 has 1 elements, 0 subclusters
125 210 0.000000
@cluster t.61 has 1 elements, 0 subclusters
127 212 0.000000
@cluster t.62 has 1 elements, 0 subclusters
134 219 0.000000
@cluster t.63 has 1 elements, 0 subclusters
136 220 0.000000
@cluster t.64 has 1 elements, 0 subclusters
459 61 0.000000
@cluster t.65 has 1 elements, 0 subclusters
141 225 0.000000
@cluster t.66 has 1 elements, 0 subclusters
143 227 0.000000
@cluster t.67 has 5 elements, 0 subclusters
81 171 0.611364
148 231 0.535501
159 241 0.618775
274 345 0.583232
438 493 0.639945
@cluster t.68 has 3 elements, 0 subclusters
155 238 0.536293
198 277 0.547958
372 433 0.487099
@cluster t.69 has 1 elements, 0 subclusters
156 239 0.000000
@cluster t.70 has 1 elements, 0 subclusters
161 243 0.000000
@cluster t.71 has 1 elements, 0 subclusters
162 244 0.000000
@cluster t.72 has 1 elements, 0 subclusters
458 60 0.000000
@cluster t.73 has 1 elements, 0 subclusters
176 257 0.000000
@cluster t.74 has 1 elements, 0 subclusters
182 262 0.000000
@cluster t.75 has 5 elements, 0 subclusters
11 108 0.653138
101 19 0.686844
192 271 0.696625
250 323 0.550012
441 496 0.632290
@cluster t.76 has 2 elements, 0 subclusters
204 282 0.398955
325 391 0.398955
@cluster t.77 has 1 elements, 0 subclusters
226 301 0.000000
@cluster t.78 has 4 elements, 0 subclusters
227 302 0.554798
230 305 0.652934
340 404 0.690461
388 448 0.719800
@cluster t.79 has 1 elements, 0 subclusters
234 309 0.000000
@cluster t.80 has 1 elements, 0 subclusters
238 312 0.000000
@cluster t.81 has 1 elements, 0 subclusters
239 313 0.000000
@cluster t.82 has 1 elements, 0 subclusters
242 316 0.000000
@cluster t.83 has 1 elements, 0 subclusters
247 320 0.000000
@cluster t.84 has 1 elements, 0 subclusters
252 325 0.000000
@cluster t.85 has 2 elements, 0 subclusters
260 332 0.389748
463 65 0.389748
@cluster t.86 has 5 elements, 0 subclusters
263 335 0.561187
275 346 0.270469
374 435 0.340357
416 473 0.273428
424 480 0.493660
@cluster t.87 has 5 elements, 0 subclusters
209 287 0.505222
264 336 0.592319
409 467 0.540118
439 494 0.542258
471 72 0.674134
@cluster t.88 has 2 elements, 0 subclusters
240 314 0.440907
265 337 0.440907
@cluster t.89 has 2 elements, 0 subclusters
266 338 0.479826
336 400 0.479826
@cluster t.90 has 1 elements, 0 subclusters
268 34 0.000000
@cluster t.91 has 4 elements, 0 subclusters
280 350 0.702761
393 452 0.346461
413 470 0.460324
432 488 0.548416
@cluster t.92 has 9 elements, 0 subclusters
33 128 0.605078
54 147 0.707547
124 21 0.329367
281 351 0.758019
284 354 0.917692
302 370 0.507972
434 49 0.660498
496 95 0.327982
499 98 0.543615
@cluster t.93 has 1 elements, 0 subclusters
452 55 0.000000
@cluster t.94 has 4 elements, 0 subclusters
291 360 0.326846
319 386 0.393113
380 440 0.349580
467 69 0.431130
@cluster t.95 has 1 elements, 0 subclusters
294 363 0.000000
@cluster t.96 has 1 elements, 0 subclusters
301 37 0.000000
@cluster t.97 has 2 elements, 0 subclusters
285 355 0.330101
451 54 0.330101
@cluster t.98 has 1 elements, 0 subclusters
312 38 0.000000
@cluster t.99 has 1 elements, 0 subclusters
315 382 0.000000
@cluster t.100 has 1 elements, 0 subclusters
316 383 0.000000
@cluster t.101 has 1 elements, 0 subclusters
327 393 0.000000
@cluster t.102 has 1 elements, 0 subclusters
329 395 0.000000
@cluster t.103 has 1 elements, 0 subclusters
330 396 0.000000
@cluster t.104 has 1 elements, 0 subclusters
331 397 0.000000
@cluster t.105 has 2 elements, 0 subclusters
332 398 0.335671
398 457 0.335671
@cluster t.106 has 6 elements, 0 subclusters
14 110 0.443922
56 149 0.529669
237 311 0.361650
344 408 0.708798
364 426 0.555869
498 97 0.750468
@cluster t.107 has 10 elements, 0 subclusters
3 100 0.306341
30 125 0.357248
58 150 0.622104
74 165 0.480141
129 214 0.478650
189 269 0.649693
208 286 0.365091
262 334 0.327869
360 422 0.816047
487 87 0.314961
@cluster t.108 has 1 elements, 0 subclusters
365 427 0.000000
@cluster t.109 has 1 elements, 0 subclusters
373 434 0.000000
@cluster t.110 has 1 elements, 0 subclusters
378 439 0.000000
@cluster t.111 has 1 elements, 0 subclusters
420 477 0.000000
@cluster t.112 has 1 elements, 0 subclusters
426 482 0.000000
@cluster t.113 has 1 elements, 0 subclusters
430 486 0.000000
@cluster t.114 has 1 elements, 0 subclusters
433 489 0.000000
@cluster t.115 has 1 elements, 0 subclusters
436 491 0.000000
@cluster t.116 has 1 elements, 0 subclusters
437 492 0.000000
@cluster t.117 has 1 elements, 0 subclusters
450 53 0.000000
@cluster t.118 has 2 elements, 0 subclusters
401 46 0.357204
466 68 0.357204
