# cluster file
# automatically generated on: Sun Nov 12 23:01:34 2023
# mode: rmsd, filetype: pdb, lsqfit: 0, selmode: heavy
@cluster t has 500 elements, 75 subclusters
1 1
2 10
3 100
4 101
5 102
6 103
7 104
8 105
9 106
10 107
11 108
12 109
13 11
14 110
15 111
16 112
17 113
18 114
19 115
20 116
21 117
22 118
23 119
24 12
25 120
26 121
27 122
28 123
29 124
30 125
31 126
32 127
33 128
34 129
35 13
36 130
37 131
38 132
39 133
40 134
41 135
42 136
43 137
44 138
45 139
46 14
47 140
48 141
49 142
50 143
51 144
52 145
53 146
54 147
55 148
56 149
57 15
58 150
59 151
60 152
61 153
62 154
63 155
64 156
65 157
66 158
67 159
68 16
69 160
70 161
71 162
72 163
73 164
74 165
75 166
76 167
77 168
78 169
79 17
80 170
81 171
82 172
83 173
84 174
85 175
86 176
87 177
88 178
89 179
90 18
91 180
92 181
93 182
94 183
95 184
96 185
97 186
98 187
99 188
100 189
101 19
102 190
103 191
104 192
105 193
106 194
107 195
108 196
109 197
110 198
111 199
112 2
113 20
114 200
115 201
116 202
117 203
118 204
119 205
120 206
121 207
122 208
123 209
124 21
125 210
126 211
127 212
128 213
129 214
130 215
131 216
132 217
133 218
134 219
135 22
136 220
137 221
138 222
139 223
140 224
141 225
142 226
143 227
144 228
145 229
146 23
147 230
148 231
149 232
150 233
151 234
152 235
153 236
154 237
155 238
156 239
157 24
158 240
159 241
160 242
161 243
162 244
163 245
164 246
165 247
166 248
167 249
168 25
169 250
170 251
171 252
172 253
173 254
174 255
175 256
176 257
177 258
178 259
179 26
180 260
181 261
182 262
183 263
184 264
185 265
186 266
187 267
188 268
189 269
190 27
191 270
192 271
193 272
194 273
195 274
196 275
197 276
198 277
199 278
200 279
201 28
202 280
203 281
204 282
205 283
206 284
207 285
208 286
209 287
210 288
211 289
212 29
213 290
214 291
215 292
216 293
217 294
218 295
219 296
220 297
221 298
222 299
223 3
224 30
225 300
226 301
227 302
228 303
229 304
230 305
231 306
232 307
233 308
234 309
235 31
236 310
237 311
238 312
239 313
240 314
241 315
242 316
243 317
244 318
245 319
246 32
247 320
248 321
249 322
250 323
251 324
252 325
253 326
254 327
255 328
256 329
257 33
258 330
259 331
260 332
261 333
262 334
263 335
264 336
265 337
266 338
267 339
268 34
269 340
270 341
271 342
272 343
273 344
274 345
275 346
276 347
277 348
278 349
279 35
280 350
281 351
282 352
283 353
284 354
285 355
286 356
287 357
288 358
289 359
290 36
291 360
292 361
293 362
294 363
295 364
296 365
297 366
298 367
299 368
300 369
301 37
302 370
303 371
304 372
305 373
306 374
307 375
308 376
309 377
310 378
311 379
312 38
313 380
314 381
315 382
316 383
317 384
318 385
319 386
320 387
321 388
322 389
323 39
324 390
325 391
326 392
327 393
328 394
329 395
330 396
331 397
332 398
333 399
334 4
335 40
336 400
337 401
338 402
339 403
340 404
341 405
342 406
343 407
344 408
345 409
346 41
347 410
348 411
349 412
350 413
351 414
352 415
353 416
354 417
355 418
356 419
357 42
358 420
359 421
360 422
361 423
362 424
363 425
364 426
365 427
366 428
367 429
368 43
369 430
370 431
371 432
372 433
373 434
374 435
375 436
376 437
377 438
378 439
379 44
380 440
381 441
382 442
383 443
384 444
385 445
386 446
387 447
388 448
389 449
390 45
391 450
392 451
393 452
394 453
395 454
396 455
397 456
398 457
399 458
400 459
401 46
402 460
403 461
404 462
405 463
406 464
407 465
408 466
409 467
410 468
411 469
412 47
413 470
414 471
415 472
416 473
417 474
418 475
419 476
420 477
421 478
422 479
423 48
424 480
425 481
426 482
427 483
428 484
429 485
430 486
431 487
432 488
433 489
434 49
435 490
436 491
437 492
438 493
439 494
440 495
441 496
442 497
443 498
444 499
445 5
446 50
447 500
448 51
449 52
450 53
451 54
452 55
453 56
454 57
455 58
456 59
457 6
458 60
459 61
460 62
461 63
462 64
463 65
464 66
465 67
466 68
467 69
468 7
469 70
470 71
471 72
472 73
473 74
474 75
475 76
476 77
477 78
478 79
479 8
480 80
481 81
482 82
483 83
484 84
485 85
486 86
487 87
488 88
489 89
490 9
491 90
492 91
493 92
494 93
495 94
496 95
497 96
498 97
499 98
500 99
@cluster t.1 has 1 elements, 0 subclusters
1 1 0.000000
@cluster t.2 has 1 elements, 0 subclusters
489 89 0.000000
@cluster t.3 has 45 elements, 0 subclusters
3 100 0.453393
39 133 0.502048
40 134 0.489050
66 158 0.691096
67 159 0.493085
73 164 0.497997
101 19 0.395178
103 191 0.528342
110 198 0.637862
154 237 0.529363
172 253 0.692326
178 259 0.438858
184 264 0.382353
190 27 0.485864
210 288 0.554623
212 29 0.505357
224 30 0.489521
232 307 0.616700
235 31 0.367311
236 310 0.464438
238 312 0.558925
240 314 0.600826
254 327 0.496049
264 336 0.585433
271 342 0.670185
278 349 0.747766
318 385 0.583090
322 389 0.481267
332 398 0.449623
334 4 0.442715
355 418 0.445480
381 441 0.371848
385 445 0.486717
389 449 0.693377
435 490 0.604093
437 492 0.641379
445 5 0.626547
451 54 0.427830
455 58 0.506294
456 59 0.570243
459 61 0.609796
471 72 0.545731
478 79 0.558819
484 84 0.487636
496 95 0.622992
@cluster t.4 has 66 elements, 0 subclusters
12 109 0.607337
14 110 0.274452
22 118 0.415362
50 143 0.563833
53 146 0.397055
54 147 0.637028
55 148 0.470178
62 154 0.438486
64 156 0.565096
68 16 0.435082
84 174 0.395096
91 180 0.529016
100 189 0.504379
106 194 0.670991
109 197 0.482393
114 200 0.411090
125 210 0.595834
150 233 0.529076
169 250 0.457474
177 258 0.598564
198 277 0.475622
203 281 0.483110
213 290 0.662757
214 291 0.502357
220 297 0.670723
226 301 0.492695
245 319 0.515684
251 324 0.358390
255 328 0.459722
265 337 0.641924
280 350 0.379558
298 367 0.509595
305 373 0.363574
306 374 0.389033
317 384 0.673424
319 386 0.447927
323 39 0.440283
324 390 0.692453
330 396 0.453156
339 403 0.453830
350 413 0.406418
354 417 0.564149
369 430 0.411414
372 433 0.437593
375 436 0.323311
380 440 0.417399
384 444 0.355607
390 45 0.350245
396 455 0.349614
405 463 0.464179
407 465 0.550058
409 467 0.404573
410 468 0.503437
413 470 0.733636
416 473 0.322331
419 476 0.634962
424 480 0.565748
427 483 0.347625
429 485 0.478685
447 500 0.576255
476 77 0.353194
480 80 0.523909
483 83 0.512986
491 90 0.612323
494 93 0.472909
500 99 0.404934
@cluster t.5 has 1 elements, 0 subclusters
5 102 0.000000
@cluster t.6 has 2 elements, 0 subclusters
6 103 0.423125
285 355 0.423125
@cluster t.7 has 2 elements, 0 subclusters
7 104 0.234250
71 162 0.234250
@cluster t.8 has 2 elements, 0 subclusters
10 107 0.302149
362 424 0.302149
@cluster t.9 has 19 elements, 0 subclusters
11 108 0.342725
16 112 0.292660
30 125 0.484934
145 229 0.391187
167 249 0.866693
173 254 0.664703
222 299 0.653131
269 340 0.522961
274 345 0.341965
296 365 0.543770
307 375 0.578679
310 378 0.418488
333 399 0.449789
347 410 0.397314
373 434 0.496354
414 471 0.679008
432 488 0.617839
464 66 0.378659
487 87 0.457453
@cluster t.10 has 3 elements, 0 subclusters
13 11 0.452745
246 32 0.516695
316 383 0.628649
@cluster t.11 has 8 elements, 0 subclusters
15 111 0.688632
126 211 0.518219
163 245 0.732103
239 313 0.428856
258 330 0.553532
282 352 0.605327
343 407 0.676546
453 56 0.582398
@cluster t.12 has 5 elements, 0 subclusters
17 113 0.663983
35 13 0.550866
59 151 0.629245
120 206 0.734642
446 50 0.510035
@cluster t.13 has 1 elements, 0 subclusters
19 115 0.000000
@cluster t.14 has 9 elements, 0 subclusters
20 116 0.570706
56 149 0.430972
127 212 0.591921
166 248 0.658665
301 37 0.655256
341 405 0.757828
356 419 0.734625
420 477 0.648540
469 70 0.455594
@cluster t.15 has 6 elements, 0 subclusters
26 121 0.532322
189 269 0.822980
441 496 0.373591
442 497 0.418203
488 88 0.512177
499 98 0.475977
@cluster t.16 has 1 elements, 0 subclusters
452 55 0.000000
@cluster t.17 has 2 elements, 0 subclusters
36 130 0.457420
259 331 0.457420
@cluster t.18 has 2 elements, 0 subclusters
37 131 0.448827
461 63 0.448827
@cluster t.19 has 1 elements, 0 subclusters
38 132 0.000000
@cluster t.20 has 1 elements, 0 subclusters
439 494 0.000000
@cluster t.21 has 5 elements, 0 subclusters
48 141 0.653407
58 150 0.462711
216 293 0.676781
359 421 0.483000
481 81 0.530620
@cluster t.22 has 13 elements, 0 subclusters
49 142 0.533256
81 171 0.611304
97 186 0.447172
162 244 0.815539
181 261 0.585633
196 275 0.726288
211 289 0.774925
250 323 0.474164
311 379 0.795828
314 381 0.621079
344 408 0.788468
440 495 0.579609
482 82 0.717917
@cluster t.23 has 6 elements, 0 subclusters
47 140 0.495529
60 152 0.682395
107 195 0.387150
165 247 0.426725
221 298 0.628692
466 68 0.829314
@cluster t.24 has 3 elements, 0 subclusters
63 155 0.529852
132 217 0.459458
329 395 0.369131
@cluster t.25 has 30 elements, 0 subclusters
2 10 0.435754
8 105 0.374140
24 12 0.546764
45 139 0.597855
65 157 0.782225
77 168 0.763310
98 187 0.919459
116 202 0.725691
137 221 0.421672
151 234 0.894040
168 25 0.476475
186 266 0.564851
197 276 0.770455
205 283 0.552648
215 292 0.434013
219 296 0.667202
233 308 0.539288
244 318 0.441000
248 321 0.525953
257 33 0.594874
272 343 0.498986
279 35 0.637163
303 371 0.534970
308 376 0.546648
377 438 0.461093
383 443 0.393724
406 464 0.385267
434 49 0.463873
462 64 0.575568
485 85 0.517557
@cluster t.26 has 7 elements, 0 subclusters
69 160 0.401342
83 173 0.763616
141 225 0.479115
277 348 0.615147
326 392 0.617607
401 46 0.664409
463 65 0.614801
@cluster t.27 has 2 elements, 0 subclusters
75 166 0.314312
349 412 0.314312
@cluster t.28 has 1 elements, 0 subclusters
78 169 0.000000
@cluster t.29 has 40 elements, 0 subclusters
34 129 0.451701
43 137 0.630778
51 144 0.510875
79 17 0.767857
80 170 0.483157
94 183 0.489105
95 184 0.611471
104 192 0.423684
117 203 0.340057
118 204 0.445688
139 223 0.484515
149 232 0.686286
153 236 0.378797
157 24 0.353374
158 240 0.938682
161 243 0.395898
171 252 0.300963
174 255 0.470121
194 273 0.622368
230 305 0.742621
237 311 0.519438
242 316 0.389206
243 317 0.540489
249 322 0.412529
268 34 0.541591
270 341 0.465131
275 346 0.523629
290 36 0.335664
293 362 0.337271
327 393 0.473950
328 394 0.431956
357 42 0.358546
394 453 0.487002
417 474 0.798434
425 481 0.441167
444 499 0.813156
448 51 0.353922
457 6 0.446152
474 75 0.624878
497 96 0.437846
@cluster t.30 has 2 elements, 0 subclusters
82 172 0.348936
164 246 0.348936
@cluster t.31 has 2 elements, 0 subclusters
86 176 0.488903
206 284 0.488903
@cluster t.32 has 1 elements, 0 subclusters
88 178 0.000000
@cluster t.33 has 4 elements, 0 subclusters
90 18 0.531262
115 201 0.457662
241 315 0.601065
495 94 0.659312
@cluster t.34 has 1 elements, 0 subclusters
96 185 0.000000
@cluster t.35 has 11 elements, 0 subclusters
61 153 0.550612
155 238 0.717815
160 242 0.487240
227 302 0.562548
273 344 0.625801
340 404 0.501470
388 448 0.598984
412 47 0.704377
418 475 0.643171
436 491 0.834495
438 493 0.827063
@cluster t.36 has 4 elements, 0 subclusters
108 196 0.481862
284 354 0.520708
299 368 0.506478
348 411 0.562160
@cluster t.37 has 1 elements, 0 subclusters
111 199 0.000000
@cluster t.38 has 1 elements, 0 subclusters
431 487 0.000000
@cluster t.39 has 1 elements, 0 subclusters
128 213 0.000000
@cluster t.40 has 3 elements, 0 subclusters
70 161 0.400142
133 218 0.387431
247 320 0.311287
@cluster t.41 has 1 elements, 0 subclusters
143 227 0.000000
@cluster t.42 has 1 elements, 0 subclusters
144 228 0.000000
@cluster t.43 has 10 elements, 0 subclusters
29 124 0.667498
122 208 0.702739
131 216 0.680355
146 23 0.907078
182 262 0.811394
209 287 0.604585
228 303 0.436439
261 333 0.560407
365 427 0.677770
486 86 0.575785
@cluster t.44 has 8 elements, 0 subclusters
147 230 0.462565
283 353 0.821186
364 426 0.805470
370 431 0.501222
379 44 0.520583
397 456 0.774475
428 484 0.774440
472 73 0.755814
@cluster t.45 has 5 elements, 0 subclusters
148 231 0.571192
179 26 0.538460
188 268 0.441826
281 351 0.685286
360 422 0.597590
@cluster t.46 has 44 elements, 0 subclusters
9 106 0.744624
18 114 0.593747
25 120 0.558703
76 167 0.545078
93 182 0.531322
105 193 0.466711
113 20 0.467755
119 205 0.243613
121 207 0.460388
138 222 0.455926
142 226 0.556319
192 271 0.373352
195 274 0.709847
199 278 0.367265
200 279 0.623914
223 3 0.488615
225 300 0.453991
260 332 0.396804
263 335 0.802621
266 338 0.626432
267 339 0.626481
292 361 0.344643
295 364 0.706754
325 391 0.893157
352 415 0.699058
378 439 0.498908
382 442 0.315110
393 452 0.939241
398 457 0.570435
400 459 0.600356
408 466 0.384314
421 478 0.574415
422 479 0.363069
430 486 0.507594
433 489 0.603975
443 498 0.390551
449 52 0.463729
450 53 0.502426
458 60 0.355538
465 67 0.615874
468 7 0.426355
475 76 0.512528
477 78 0.459344
479 8 0.398326
@cluster t.47 has 2 elements, 0 subclusters
170 251 0.463713
320 387 0.463713
@cluster t.48 has 1 elements, 0 subclusters
176 257 0.000000
@cluster t.49 has 1 elements, 0 subclusters
180 260 0.000000
@cluster t.50 has 2 elements, 0 subclusters
185 265 0.408482
294 363 0.408482
@cluster t.51 has 4 elements, 0 subclusters
129 214 0.388487
135 22 0.501824
204 282 0.647643
361 423 0.466647
@cluster t.52 has 3 elements, 0 subclusters
217 294 0.443387
302 370 0.451163
490 9 0.419630
@cluster t.53 has 1 elements, 0 subclusters
218 295 0.000000
@cluster t.54 has 1 elements, 0 subclusters
229 304 0.000000
@cluster t.55 has 2 elements, 0 subclusters
234 309 0.326777
346 41 0.326777
@cluster t.56 has 23 elements, 0 subclusters
33 128 0.555126
44 138 0.341604
46 14 0.582696
57 15 0.506999
72 163 0.348794
85 175 0.271113
87 177 0.226828
89 179 0.403421
136 220 0.665192
187 267 0.480143
252 325 0.960928
253 326 0.432213
286 356 0.323305
287 357 0.522447
304 372 0.521411
313 380 0.374938
336 400 0.368592
338 402 0.368434
358 420 0.345544
367 429 0.332434
368 43 0.369724
403 461 0.531583
467 69 0.377352
@cluster t.57 has 1 elements, 0 subclusters
256 329 0.000000
@cluster t.58 has 1 elements, 0 subclusters
262 334 0.000000
@cluster t.59 has 2 elements, 0 subclusters
288 358 0.404657
353 416 0.404657
@cluster t.60 has 1 elements, 0 subclusters
289 359 0.000000
@cluster t.61 has 1 elements, 0 subclusters
291 360 0.000000
@cluster t.62 has 1 elements, 0 subclusters
315 382 0.000000
@cluster t.63 has 1 elements, 0 subclusters
331 397 0.000000
@cluster t.64 has 1 elements, 0 subclusters
426 482 0.000000
@cluster t.65 has 1 elements, 0 subclusters
351 414 0.000000
@cluster t.66 has 25 elements, 0 subclusters
28 123 0.458011
32 127 0.428316
42 136 0.307993
52 145 0.562807
92 181 0.552731
99 188 0.428167
123 209 0.539080
152 235 0.453454
183 263 0.431857
201 28 0.504685
202 280 0.664865
276 347 0.393689
309 377 0.265307
335 40 0.898720
345 409 0.524933
371 432 0.471365
376 437 0.559398
402 460 0.706443
415 472 0.457520
454 57 0.668320
460 62 0.549311
470 71 0.432326
473 74 0.537608
492 91 0.395569
498 97 0.568161
@cluster t.67 has 1 elements, 0 subclusters
374 435 0.000000
@cluster t.68 has 1 elements, 0 subclusters
391 450 0.000000
@cluster t.69 has 1 elements, 0 subclusters
399 458 0.000000
@cluster t.70 has 1 elements, 0 subclusters
404 462 0.000000
@cluster t.71 has 1 elements, 0 subclusters
411 469 0.000000
@cluster t.72 has 1 elements, 0 subclusters
423 48 0.000000
@cluster t.73 has 17 elements, 0 subclusters
4 101 0.417994
27 122 0.612074
102 190 0.682754
112 2 0.669203
124 21 0.725049
134 219 0.432326
175 256 0.554021
191 270 0.533041
193 272 0.599333
207 285 0.300018
300 369 0.416972
312 38 0.695829
337 401 0.416627
366 428 0.483433
392 451 0.603539
395 454 0.712870
493 92 0.606112
@cluster t.74 has 16 elements, 0 subclusters
21 117 0.530015
23 119 0.584009
31 126 0.612170
41 135 0.461063
74 165 0.608713
130 215 0.474335
140 224 0.586238
156 239 0.661220
159 241 0.679494
208 286 0.486170
231 306 0.531602
297 366 0.647850
321 388 0.678066
342 406 0.337638
386 446 0.688555
387 447 0.726571
@cluster t.75 has 1 elements, 0 subclusters
363 425 0.000000
