# cluster file
# automatically generated on: Sun Nov 12 22:38:32 2023
# mode: rmsd, filetype: pdb, lsqfit: 0, selmode: heavy
@cluster t has 500 elements, 123 subclusters
1 1
2 10
3 100
4 101
5 102
6 103
7 104
8 105
9 106
10 107
11 108
12 109
13 11
14 110
15 111
16 112
17 113
18 114
19 115
20 116
21 117
22 118
23 119
24 12
25 120
26 121
27 122
28 123
29 124
30 125
31 126
32 127
33 128
34 129
35 13
36 130
37 131
38 132
39 133
40 134
41 135
42 136
43 137
44 138
45 139
46 14
47 140
48 141
49 142
50 143
51 144
52 145
53 146
54 147
55 148
56 149
57 15
58 150
59 151
60 152
61 153
62 154
63 155
64 156
65 157
66 158
67 159
68 16
69 160
70 161
71 162
72 163
73 164
74 165
75 166
76 167
77 168
78 169
79 17
80 170
81 171
82 172
83 173
84 174
85 175
86 176
87 177
88 178
89 179
90 18
91 180
92 181
93 182
94 183
95 184
96 185
97 186
98 187
99 188
100 189
101 19
102 190
103 191
104 192
105 193
106 194
107 195
108 196
109 197
110 198
111 199
112 2
113 20
114 200
115 201
116 202
117 203
118 204
119 205
120 206
121 207
122 208
123 209
124 21
125 210
126 211
127 212
128 213
129 214
130 215
131 216
132 217
133 218
134 219
135 22
136 220
137 221
138 222
139 223
140 224
141 225
142 226
143 227
144 228
145 229
146 23
147 230
148 231
149 232
150 233
151 234
152 235
153 236
154 237
155 238
156 239
157 24
158 240
159 241
160 242
161 243
162 244
163 245
164 246
165 247
166 248
167 249
168 25
169 250
170 251
171 252
172 253
173 254
174 255
175 256
176 257
177 258
178 259
179 26
180 260
181 261
182 262
183 263
184 264
185 265
186 266
187 267
188 268
189 269
190 27
191 270
192 271
193 272
194 273
195 274
196 275
197 276
198 277
199 278
200 279
201 28
202 280
203 281
204 282
205 283
206 284
207 285
208 286
209 287
210 288
211 289
212 29
213 290
214 291
215 292
216 293
217 294
218 295
219 296
220 297
221 298
222 299
223 3
224 30
225 300
226 301
227 302
228 303
229 304
230 305
231 306
232 307
233 308
234 309
235 31
236 310
237 311
238 312
239 313
240 314
241 315
242 316
243 317
244 318
245 319
246 32
247 320
248 321
249 322
250 323
251 324
252 325
253 326
254 327
255 328
256 329
257 33
258 330
259 331
260 332
261 333
262 334
263 335
264 336
265 337
266 338
267 339
268 34
269 340
270 341
271 342
272 343
273 344
274 345
275 346
276 347
277 348
278 349
279 35
280 350
281 351
282 352
283 353
284 354
285 355
286 356
287 357
288 358
289 359
290 36
291 360
292 361
293 362
294 363
295 364
296 365
297 366
298 367
299 368
300 369
301 37
302 370
303 371
304 372
305 373
306 374
307 375
308 376
309 377
310 378
311 379
312 38
313 380
314 381
315 382
316 383
317 384
318 385
319 386
320 387
321 388
322 389
323 39
324 390
325 391
326 392
327 393
328 394
329 395
330 396
331 397
332 398
333 399
334 4
335 40
336 400
337 401
338 402
339 403
340 404
341 405
342 406
343 407
344 408
345 409
346 41
347 410
348 411
349 412
350 413
351 414
352 415
353 416
354 417
355 418
356 419
357 42
358 420
359 421
360 422
361 423
362 424
363 425
364 426
365 427
366 428
367 429
368 43
369 430
370 431
371 432
372 433
373 434
374 435
375 436
376 437
377 438
378 439
379 44
380 440
381 441
382 442
383 443
384 444
385 445
386 446
387 447
388 448
389 449
390 45
391 450
392 451
393 452
394 453
395 454
396 455
397 456
398 457
399 458
400 459
401 46
402 460
403 461
404 462
405 463
406 464
407 465
408 466
409 467
410 468
411 469
412 47
413 470
414 471
415 472
416 473
417 474
418 475
419 476
420 477
421 478
422 479
423 48
424 480
425 481
426 482
427 483
428 484
429 485
430 486
431 487
432 488
433 489
434 49
435 490
436 491
437 492
438 493
439 494
440 495
441 496
442 497
443 498
444 499
445 5
446 50
447 500
448 51
449 52
450 53
451 54
452 55
453 56
454 57
455 58
456 59
457 6
458 60
459 61
460 62
461 63
462 64
463 65
464 66
465 67
466 68
467 69
468 7
469 70
470 71
471 72
472 73
473 74
474 75
475 76
476 77
477 78
478 79
479 8
480 80
481 81
482 82
483 83
484 84
485 85
486 86
487 87
488 88
489 89
490 9
491 90
492 91
493 92
494 93
495 94
496 95
497 96
498 97
499 98
500 99
@cluster t.1 has 9 elements, 0 subclusters
1 1 0.466991
100 189 0.368576
136 220 0.316912
175 256 0.821498
229 304 0.644135
233 308 0.688346
245 319 0.537370
374 435 0.368045
479 8 0.603483
@cluster t.2 has 2 elements, 0 subclusters
2 10 0.354636
429 485 0.354636
@cluster t.3 has 1 elements, 0 subclusters
3 100 0.000000
@cluster t.4 has 8 elements, 0 subclusters
4 101 0.416659
11 108 0.716002
47 140 0.523403
74 165 0.587872
98 187 0.875275
137 221 0.816172
210 288 0.530289
440 495 0.563735
@cluster t.5 has 32 elements, 0 subclusters
5 102 0.464798
18 114 0.618687
23 119 0.524161
39 133 0.500979
68 16 0.696891
78 169 0.373513
113 20 0.800070
149 232 0.459208
174 255 0.413877
176 257 0.793018
180 260 0.714109
201 28 0.629952
204 282 0.553772
226 301 0.531864
228 303 0.703392
246 32 0.597061
253 326 0.652894
320 387 0.643275
325 391 0.501203
326 392 0.602464
339 403 0.509237
352 415 0.419920
355 418 0.631082
363 425 0.606367
380 440 0.629191
391 450 0.533749
405 463 0.673656
430 486 0.745329
445 5 0.421004
456 59 0.496183
489 89 0.703979
499 98 0.488054
@cluster t.6 has 1 elements, 0 subclusters
6 103 0.000000
@cluster t.7 has 4 elements, 0 subclusters
7 104 0.325179
162 244 0.385484
382 442 0.562029
468 7 0.539835
@cluster t.8 has 19 elements, 0 subclusters
8 105 0.518245
33 128 0.778244
36 130 0.593500
75 166 0.773160
99 188 0.622837
108 196 0.662633
132 217 0.465050
207 285 0.636974
214 291 0.747233
224 30 0.580097
231 306 0.658862
260 332 0.640686
270 341 0.706320
332 398 0.683207
356 419 0.786880
360 422 0.731531
415 472 0.816371
487 87 0.601076
498 97 0.709354
@cluster t.9 has 20 elements, 0 subclusters
9 106 0.478825
43 137 0.460746
94 183 0.508389
200 279 0.697952
222 299 0.533810
235 31 0.522985
251 324 0.542634
305 373 0.608676
321 388 0.614743
333 399 0.487005
334 4 0.308364
337 401 0.893313
341 405 0.614411
351 414 0.357197
373 434 0.525047
381 441 0.704943
412 47 0.488432
422 479 0.515689
464 66 0.454130
483 83 0.462407
@cluster t.10 has 26 elements, 0 subclusters
10 107 0.574879
21 117 0.528889
27 122 0.691255
30 125 0.829032
31 126 0.611465
37 131 0.619324
83 173 0.937097
84 174 0.589462
86 176 0.760385
92 181 0.470002
125 210 0.617035
186 266 0.736558
198 277 0.528440
234 309 0.595362
244 318 0.615096
250 323 0.563227
257 33 0.501892
299 368 0.632173
306 374 0.616925
327 393 0.435697
345 409 0.503333
358 420 0.657871
365 427 0.894407
370 431 0.628070
470 71 0.616416
480 80 0.732297
@cluster t.11 has 5 elements, 0 subclusters
12 109 0.264569
63 155 0.754039
77 168 0.576510
150 233 0.649301
182 262 0.516717
@cluster t.12 has 16 elements, 0 subclusters
13 11 0.696260
59 151 0.562917
110 198 0.697193
126 211 0.460888
259 331 0.708045
290 36 0.477970
312 38 0.838419
319 386 0.834125
328 394 0.689495
344 408 0.660679
386 446 0.620335
397 456 0.504221
408 466 0.327536
413 470 0.394008
416 473 0.749461
459 61 0.453702
@cluster t.13 has 14 elements, 0 subclusters
14 110 0.651777
20 116 0.827962
22 118 0.605340
35 13 0.646018
179 26 0.699499
262 334 0.518282
269 340 0.493029
280 350 0.476261
331 397 0.495510
372 433 0.640425
431 487 0.638119
435 490 0.504591
460 62 0.822544
497 96 0.603676
@cluster t.14 has 23 elements, 0 subclusters
15 111 0.788774
28 123 0.444542
56 149 0.600800
88 178 0.438887
90 18 0.578028
106 194 0.592684
128 213 0.674501
133 218 0.408067
145 229 0.502143
151 234 0.598277
168 25 0.646716
170 251 0.675842
220 297 0.611162
240 314 0.644850
247 320 0.362963
268 34 0.693444
283 353 0.588736
314 381 0.438781
353 416 0.507992
357 42 0.608747
395 454 0.627887
396 455 0.619980
427 483 0.524138
@cluster t.15 has 5 elements, 0 subclusters
16 112 0.524591
71 162 0.389998
227 302 0.499213
238 312 0.417790
274 345 0.566461
@cluster t.16 has 8 elements, 0 subclusters
17 113 0.558117
26 121 0.309735
42 136 0.571770
70 161 0.695442
97 186 0.578193
138 222 0.677221
420 477 0.618832
463 65 0.681519
@cluster t.17 has 14 elements, 0 subclusters
19 115 0.493569
53 146 0.671612
54 147 0.651423
61 153 0.911767
141 225 0.872747
144 228 0.912375
158 240 0.512775
169 250 0.737899
213 290 0.447022
361 423 0.638033
414 471 0.852425
439 494 0.671147
481 81 0.706319
496 95 0.642426
@cluster t.18 has 2 elements, 0 subclusters
24 12 0.112934
183 263 0.112934
@cluster t.19 has 2 elements, 0 subclusters
25 120 0.494300
377 438 0.494300
@cluster t.20 has 1 elements, 0 subclusters
500 99 0.000000
@cluster t.21 has 3 elements, 0 subclusters
29 124 0.564666
340 404 0.526062
369 430 0.519187
@cluster t.22 has 1 elements, 0 subclusters
32 127 0.000000
@cluster t.23 has 18 elements, 0 subclusters
34 129 0.418391
81 171 0.418368
95 184 0.404364
114 200 0.680883
164 246 0.566867
178 259 0.749207
195 274 0.448062
292 361 0.529347
296 365 0.534266
316 383 0.891542
350 413 0.536582
371 432 0.402731
387 447 0.637266
398 457 0.535832
438 493 0.502649
446 50 0.542411
447 500 0.687249
458 60 0.809878
@cluster t.24 has 1 elements, 0 subclusters
38 132 0.000000
@cluster t.25 has 10 elements, 0 subclusters
40 134 0.655400
49 142 0.778299
85 175 0.677587
104 192 0.602194
112 2 0.865390
190 27 0.771435
197 276 0.718412
291 360 0.816065
375 436 0.655939
442 497 0.609836
@cluster t.26 has 15 elements, 0 subclusters
44 138 0.613369
45 139 0.750481
62 154 0.797973
102 190 0.959241
121 207 0.664031
147 230 0.655726
163 245 0.721988
167 249 0.807465
194 273 0.554952
209 287 0.632109
278 349 0.729980
289 359 0.483242
323 39 0.668999
448 51 0.911183
473 74 0.458625
@cluster t.27 has 4 elements, 0 subclusters
46 14 0.662524
93 182 0.387826
403 461 0.799730
411 469 0.736411
@cluster t.28 has 1 elements, 0 subclusters
48 141 0.000000
@cluster t.29 has 1 elements, 0 subclusters
50 143 0.000000
@cluster t.30 has 3 elements, 0 subclusters
51 144 0.577812
216 293 0.555329
315 382 0.568374
@cluster t.31 has 1 elements, 0 subclusters
52 145 0.000000
@cluster t.32 has 2 elements, 0 subclusters
55 148 0.362961
239 313 0.362961
@cluster t.33 has 6 elements, 0 subclusters
57 15 0.685778
107 195 0.730243
223 3 0.830499
310 378 0.497058
402 460 0.737519
426 482 0.643489
@cluster t.34 has 11 elements, 0 subclusters
58 150 0.746055
76 167 0.543987
123 209 0.698383
171 252 0.568994
242 316 0.664831
258 330 0.743062
287 357 0.461313
294 363 0.482144
300 369 0.532419
324 390 0.549402
409 467 0.780673
@cluster t.35 has 1 elements, 0 subclusters
60 152 0.000000
@cluster t.36 has 2 elements, 0 subclusters
64 156 0.265284
366 428 0.265284
@cluster t.37 has 4 elements, 0 subclusters
65 157 0.580869
117 203 0.436891
157 24 0.590130
451 54 0.586495
@cluster t.38 has 1 elements, 0 subclusters
66 158 0.000000
@cluster t.39 has 6 elements, 0 subclusters
67 159 0.756551
184 264 0.551405
390 45 0.335716
399 458 0.364971
400 459 0.677561
484 84 0.371484
@cluster t.40 has 10 elements, 0 subclusters
69 160 0.537159
193 272 0.568255
215 292 0.561049
263 335 0.803704
272 343 0.604071
276 347 0.565176
303 371 0.693729
379 44 0.446372
455 58 0.375967
474 75 0.521789
@cluster t.41 has 3 elements, 0 subclusters
72 163 0.423718
322 389 0.279209
354 417 0.357994
@cluster t.42 has 14 elements, 0 subclusters
73 164 0.701356
80 170 0.582163
154 237 0.479280
156 239 0.654804
189 269 0.715012
196 275 0.619650
199 278 0.384043
249 322 0.849562
252 325 0.382916
273 344 0.654316
275 346 0.449224
286 356 0.517831
329 395 0.630690
443 498 0.570060
@cluster t.43 has 1 elements, 0 subclusters
79 17 0.000000
@cluster t.44 has 1 elements, 0 subclusters
492 91 0.000000
@cluster t.45 has 2 elements, 0 subclusters
208 286 0.499692
491 90 0.499692
@cluster t.46 has 5 elements, 0 subclusters
41 135 0.255815
87 177 0.579199
166 248 0.552470
212 29 0.333717
469 70 0.428287
@cluster t.47 has 16 elements, 0 subclusters
89 179 0.451233
155 238 0.408592
192 271 0.494566
241 315 0.422130
255 328 0.669446
256 329 0.437789
265 337 0.529240
266 338 0.717985
317 384 0.382462
346 41 0.700747
348 411 0.709138
349 412 0.421940
384 444 0.467743
392 451 0.494709
465 67 0.559291
472 73 0.867834
@cluster t.48 has 1 elements, 0 subclusters
91 180 0.000000
@cluster t.49 has 2 elements, 0 subclusters
96 185 0.492857
378 439 0.492857
@cluster t.50 has 3 elements, 0 subclusters
101 19 0.379372
130 215 0.609269
142 226 0.525268
@cluster t.51 has 4 elements, 0 subclusters
103 191 0.328213
135 22 0.378437
318 385 0.394036
389 449 0.571917
@cluster t.52 has 2 elements, 0 subclusters
105 193 0.408302
148 231 0.408302
@cluster t.53 has 1 elements, 0 subclusters
109 197 0.000000
@cluster t.54 has 1 elements, 0 subclusters
111 199 0.000000
@cluster t.55 has 3 elements, 0 subclusters
119 205 0.479657
146 23 0.448126
490 9 0.586294
@cluster t.56 has 1 elements, 0 subclusters
485 85 0.000000
@cluster t.57 has 3 elements, 0 subclusters
116 202 0.572989
203 281 0.456693
423 48 0.444454
@cluster t.58 has 2 elements, 0 subclusters
118 204 0.402816
477 78 0.402816
@cluster t.59 has 2 elements, 0 subclusters
120 206 0.398407
362 424 0.398407
@cluster t.60 has 1 elements, 0 subclusters
122 208 0.000000
@cluster t.61 has 2 elements, 0 subclusters
124 21 0.341223
367 429 0.341223
@cluster t.62 has 6 elements, 0 subclusters
127 212 0.457635
165 247 0.703221
230 305 0.817768
347 410 0.482081
394 453 0.702878
433 489 0.559585
@cluster t.63 has 1 elements, 0 subclusters
129 214 0.000000
@cluster t.64 has 2 elements, 0 subclusters
134 219 0.470705
297 366 0.470705
@cluster t.65 has 1 elements, 0 subclusters
139 223 0.000000
@cluster t.66 has 12 elements, 0 subclusters
140 224 0.633248
161 243 0.619031
188 268 0.622082
236 310 0.617557
237 311 0.574876
307 375 0.630681
376 437 0.615577
393 452 0.811163
418 475 0.794967
444 499 0.730969
486 86 0.841026
493 92 0.405070
@cluster t.67 has 1 elements, 0 subclusters
476 77 0.000000
@cluster t.68 has 1 elements, 0 subclusters
152 235 0.000000
@cluster t.69 has 5 elements, 0 subclusters
153 236 0.634699
173 254 0.442799
248 321 0.471111
277 348 0.418836
338 402 0.545348
@cluster t.70 has 3 elements, 0 subclusters
159 241 0.476225
221 298 0.665249
494 93 0.376182
@cluster t.71 has 1 elements, 0 subclusters
160 242 0.000000
@cluster t.72 has 7 elements, 0 subclusters
172 253 0.550388
217 294 0.718079
282 352 0.547775
293 362 0.667116
452 55 0.667332
478 79 0.563702
482 82 0.411897
@cluster t.73 has 3 elements, 0 subclusters
177 258 0.513719
404 462 0.507696
488 88 0.238199
@cluster t.74 has 1 elements, 0 subclusters
181 261 0.000000
@cluster t.75 has 4 elements, 0 subclusters
82 172 0.415923
185 265 0.671534
407 465 0.492391
495 94 0.511074
@cluster t.76 has 1 elements, 0 subclusters
187 267 0.000000
@cluster t.77 has 3 elements, 0 subclusters
191 270 0.612828
406 464 0.442151
419 476 0.535690
@cluster t.78 has 2 elements, 0 subclusters
202 280 0.457488
342 406 0.457488
@cluster t.79 has 4 elements, 0 subclusters
115 201 0.488309
205 283 0.449387
206 284 0.425696
284 354 0.400203
@cluster t.80 has 2 elements, 0 subclusters
211 289 0.392752
368 43 0.392752
@cluster t.81 has 1 elements, 0 subclusters
218 295 0.000000
@cluster t.82 has 2 elements, 0 subclusters
131 216 0.424262
219 296 0.424262
@cluster t.83 has 2 elements, 0 subclusters
471 72 0.420245
475 76 0.420245
@cluster t.84 has 1 elements, 0 subclusters
466 68 0.000000
@cluster t.85 has 1 elements, 0 subclusters
225 300 0.000000
@cluster t.86 has 1 elements, 0 subclusters
462 64 0.000000
@cluster t.87 has 1 elements, 0 subclusters
232 307 0.000000
@cluster t.88 has 1 elements, 0 subclusters
461 63 0.000000
@cluster t.89 has 1 elements, 0 subclusters
254 327 0.000000
@cluster t.90 has 1 elements, 0 subclusters
261 333 0.000000
@cluster t.91 has 1 elements, 0 subclusters
264 336 0.000000
@cluster t.92 has 2 elements, 0 subclusters
267 339 0.404793
313 380 0.404793
@cluster t.93 has 1 elements, 0 subclusters
271 342 0.000000
@cluster t.94 has 1 elements, 0 subclusters
279 35 0.000000
@cluster t.95 has 1 elements, 0 subclusters
281 351 0.000000
@cluster t.96 has 1 elements, 0 subclusters
285 355 0.000000
@cluster t.97 has 3 elements, 0 subclusters
288 358 0.456124
304 372 0.410051
434 49 0.608886
@cluster t.98 has 2 elements, 0 subclusters
298 367 0.250978
467 69 0.250978
@cluster t.99 has 2 elements, 0 subclusters
301 37 0.458173
309 377 0.458173
@cluster t.100 has 5 elements, 0 subclusters
143 227 0.563684
243 317 0.575204
302 370 0.603814
336 400 0.508417
453 56 0.492732
@cluster t.101 has 1 elements, 0 subclusters
308 376 0.000000
@cluster t.102 has 1 elements, 0 subclusters
311 379 0.000000
@cluster t.103 has 1 elements, 0 subclusters
330 396 0.000000
@cluster t.104 has 2 elements, 0 subclusters
335 40 0.213969
410 468 0.213969
@cluster t.105 has 2 elements, 0 subclusters
343 407 0.271202
359 421 0.271202
@cluster t.106 has 1 elements, 0 subclusters
364 426 0.000000
@cluster t.107 has 1 elements, 0 subclusters
383 443 0.000000
@cluster t.108 has 1 elements, 0 subclusters
385 445 0.000000
@cluster t.109 has 1 elements, 0 subclusters
388 448 0.000000
@cluster t.110 has 2 elements, 0 subclusters
295 364 0.257888
401 46 0.257888
@cluster t.111 has 1 elements, 0 subclusters
417 474 0.000000
@cluster t.112 has 1 elements, 0 subclusters
421 478 0.000000
@cluster t.113 has 1 elements, 0 subclusters
424 480 0.000000
@cluster t.114 has 1 elements, 0 subclusters
425 481 0.000000
@cluster t.115 has 1 elements, 0 subclusters
428 484 0.000000
@cluster t.116 has 1 elements, 0 subclusters
432 488 0.000000
@cluster t.117 has 1 elements, 0 subclusters
436 491 0.000000
@cluster t.118 has 1 elements, 0 subclusters
437 492 0.000000
@cluster t.119 has 1 elements, 0 subclusters
441 496 0.000000
@cluster t.120 has 1 elements, 0 subclusters
457 6 0.000000
@cluster t.121 has 1 elements, 0 subclusters
449 52 0.000000
@cluster t.122 has 1 elements, 0 subclusters
450 53 0.000000
@cluster t.123 has 1 elements, 0 subclusters
454 57 0.000000
