# cluster file
# automatically generated on: Sun Nov 12 18:49:09 2023
# mode: rmsd, filetype: pdb, lsqfit: 0, selmode: heavy
@cluster t has 500 elements, 142 subclusters
1 1
2 10
3 100
4 101
5 102
6 103
7 104
8 105
9 106
10 107
11 108
12 109
13 11
14 110
15 111
16 112
17 113
18 114
19 115
20 116
21 117
22 118
23 119
24 12
25 120
26 121
27 122
28 123
29 124
30 125
31 126
32 127
33 128
34 129
35 13
36 130
37 131
38 132
39 133
40 134
41 135
42 136
43 137
44 138
45 139
46 14
47 140
48 141
49 142
50 143
51 144
52 145
53 146
54 147
55 148
56 149
57 15
58 150
59 151
60 152
61 153
62 154
63 155
64 156
65 157
66 158
67 159
68 16
69 160
70 161
71 162
72 163
73 164
74 165
75 166
76 167
77 168
78 169
79 17
80 170
81 171
82 172
83 173
84 174
85 175
86 176
87 177
88 178
89 179
90 18
91 180
92 181
93 182
94 183
95 184
96 185
97 186
98 187
99 188
100 189
101 19
102 190
103 191
104 192
105 193
106 194
107 195
108 196
109 197
110 198
111 199
112 2
113 20
114 200
115 201
116 202
117 203
118 204
119 205
120 206
121 207
122 208
123 209
124 21
125 210
126 211
127 212
128 213
129 214
130 215
131 216
132 217
133 218
134 219
135 22
136 220
137 221
138 222
139 223
140 224
141 225
142 226
143 227
144 228
145 229
146 23
147 230
148 231
149 232
150 233
151 234
152 235
153 236
154 237
155 238
156 239
157 24
158 240
159 241
160 242
161 243
162 244
163 245
164 246
165 247
166 248
167 249
168 25
169 250
170 251
171 252
172 253
173 254
174 255
175 256
176 257
177 258
178 259
179 26
180 260
181 261
182 262
183 263
184 264
185 265
186 266
187 267
188 268
189 269
190 27
191 270
192 271
193 272
194 273
195 274
196 275
197 276
198 277
199 278
200 279
201 28
202 280
203 281
204 282
205 283
206 284
207 285
208 286
209 287
210 288
211 289
212 29
213 290
214 291
215 292
216 293
217 294
218 295
219 296
220 297
221 298
222 299
223 3
224 30
225 300
226 301
227 302
228 303
229 304
230 305
231 306
232 307
233 308
234 309
235 31
236 310
237 311
238 312
239 313
240 314
241 315
242 316
243 317
244 318
245 319
246 32
247 320
248 321
249 322
250 323
251 324
252 325
253 326
254 327
255 328
256 329
257 33
258 330
259 331
260 332
261 333
262 334
263 335
264 336
265 337
266 338
267 339
268 34
269 340
270 341
271 342
272 343
273 344
274 345
275 346
276 347
277 348
278 349
279 35
280 350
281 351
282 352
283 353
284 354
285 355
286 356
287 357
288 358
289 359
290 36
291 360
292 361
293 362
294 363
295 364
296 365
297 366
298 367
299 368
300 369
301 37
302 370
303 371
304 372
305 373
306 374
307 375
308 376
309 377
310 378
311 379
312 38
313 380
314 381
315 382
316 383
317 384
318 385
319 386
320 387
321 388
322 389
323 39
324 390
325 391
326 392
327 393
328 394
329 395
330 396
331 397
332 398
333 399
334 4
335 40
336 400
337 401
338 402
339 403
340 404
341 405
342 406
343 407
344 408
345 409
346 41
347 410
348 411
349 412
350 413
351 414
352 415
353 416
354 417
355 418
356 419
357 42
358 420
359 421
360 422
361 423
362 424
363 425
364 426
365 427
366 428
367 429
368 43
369 430
370 431
371 432
372 433
373 434
374 435
375 436
376 437
377 438
378 439
379 44
380 440
381 441
382 442
383 443
384 444
385 445
386 446
387 447
388 448
389 449
390 45
391 450
392 451
393 452
394 453
395 454
396 455
397 456
398 457
399 458
400 459
401 46
402 460
403 461
404 462
405 463
406 464
407 465
408 466
409 467
410 468
411 469
412 47
413 470
414 471
415 472
416 473
417 474
418 475
419 476
420 477
421 478
422 479
423 48
424 480
425 481
426 482
427 483
428 484
429 485
430 486
431 487
432 488
433 489
434 49
435 490
436 491
437 492
438 493
439 494
440 495
441 496
442 497
443 498
444 499
445 5
446 50
447 500
448 51
449 52
450 53
451 54
452 55
453 56
454 57
455 58
456 59
457 6
458 60
459 61
460 62
461 63
462 64
463 65
464 66
465 67
466 68
467 69
468 7
469 70
470 71
471 72
472 73
473 74
474 75
475 76
476 77
477 78
478 79
479 8
480 80
481 81
482 82
483 83
484 84
485 85
486 86
487 87
488 88
489 89
490 9
491 90
492 91
493 92
494 93
495 94
496 95
497 96
498 97
499 98
500 99
@cluster t.1 has 82 elements, 0 subclusters
1 1 0.738312
7 104 0.578174
11 108 0.662777
12 109 0.517344
34 129 0.524712
38 132 0.401498
44 138 0.394915
45 139 0.471610
51 144 0.866136
61 153 0.752183
73 164 0.458421
83 173 0.393527
84 174 0.521604
102 190 0.404921
104 192 0.575198
105 193 0.865830
110 198 0.488903
111 199 0.751779
127 212 0.761448
128 213 0.497079
129 214 0.917222
131 216 0.551768
132 217 0.428284
145 229 0.820901
149 232 0.762270
167 249 0.569970
178 259 0.466800
193 272 0.508708
197 276 0.482890
198 277 0.500191
204 282 0.542489
210 288 0.382897
212 29 0.957401
214 291 0.599749
221 298 0.440858
242 316 0.595205
256 329 0.550447
258 330 0.476052
269 340 0.477766
282 352 0.632720
285 355 0.595556
291 360 0.644421
297 366 0.632978
300 369 0.600483
303 371 0.520798
308 376 0.405021
309 377 0.441435
318 385 0.639406
327 393 0.506090
334 4 0.595796
336 400 0.629458
337 401 0.530698
340 404 0.575831
341 405 0.518646
343 407 0.502785
345 409 0.477753
352 415 0.496586
357 42 0.440964
368 43 0.694762
381 441 0.464566
382 442 0.994909
384 444 0.393867
386 446 0.809748
390 45 0.495218
394 453 0.547727
400 459 0.524048
420 477 0.415478
422 479 0.365741
426 482 0.420353
434 49 0.486538
442 497 0.540607
446 50 0.445385
457 6 0.660807
458 60 0.428783
461 63 0.522183
465 67 0.508385
473 74 0.440576
483 83 0.475431
486 86 0.455066
490 9 0.451411
495 94 0.659116
496 95 0.550280
@cluster t.2 has 17 elements, 0 subclusters
2 10 0.685397
36 130 0.329327
52 145 0.776337
53 146 0.819916
71 162 0.629766
92 181 0.513221
125 210 0.616598
135 22 0.444201
172 253 0.627393
184 264 0.379279
205 283 0.427973
307 375 0.453912
335 40 0.514824
351 414 0.570692
367 429 0.688485
445 5 0.626192
500 99 0.351315
@cluster t.3 has 20 elements, 0 subclusters
3 100 0.643740
56 149 0.775322
66 158 0.355739
90 18 0.358840
109 197 0.563933
113 20 0.627790
114 200 0.481239
134 219 0.406846
138 222 0.660999
161 243 0.531759
177 258 0.522156
191 270 0.931836
208 286 0.557565
232 307 0.540404
247 320 0.583187
330 396 0.617842
364 426 0.443432
387 447 0.803443
459 61 0.497198
482 82 0.565925
@cluster t.4 has 2 elements, 0 subclusters
4 101 0.479813
250 323 0.479813
@cluster t.5 has 12 elements, 0 subclusters
5 102 0.367552
6 103 0.773629
17 113 0.622979
24 12 0.603046
97 186 0.971127
98 187 0.341226
189 269 0.713025
200 279 0.670245
201 28 0.828561
262 334 0.693627
453 56 0.673832
474 75 0.622669
@cluster t.6 has 3 elements, 0 subclusters
8 105 0.464638
339 403 0.639514
419 476 0.565847
@cluster t.7 has 3 elements, 0 subclusters
9 106 0.452423
74 165 0.640554
168 25 0.528670
@cluster t.8 has 4 elements, 0 subclusters
10 107 0.705734
47 140 0.235873
224 30 0.657151
379 44 0.445522
@cluster t.9 has 73 elements, 0 subclusters
13 11 0.308690
32 127 0.381660
37 131 0.521777
49 142 0.780439
54 147 0.622689
67 159 0.533848
68 16 0.505356
77 168 0.493588
88 178 0.659014
89 179 0.678214
91 180 0.574286
94 183 0.939972
112 2 0.297246
115 201 0.743127
121 207 0.729383
122 208 0.269071
142 226 0.703316
143 227 0.443409
144 228 0.552179
150 233 0.459946
156 239 0.631388
163 245 0.401759
164 246 0.455580
187 267 0.403292
196 275 0.506834
206 284 0.651107
211 289 0.303460
213 290 0.680638
216 293 0.837056
219 296 0.706516
226 301 0.477627
233 308 0.469611
236 310 0.460787
243 317 0.306993
248 321 0.603694
252 325 0.451089
255 328 0.487321
259 331 0.408619
267 339 0.527747
271 342 0.921686
274 345 0.513710
276 347 0.855584
277 348 0.759834
280 350 0.401125
290 36 0.412819
294 363 0.570659
298 367 0.632902
299 368 0.615651
312 38 0.819057
314 381 0.600692
316 383 0.362399
324 390 0.474674
333 399 0.538725
346 41 0.775664
348 411 0.439775
349 412 0.318756
353 416 0.625554
358 420 0.651824
360 422 0.601028
362 424 0.397186
370 431 0.809692
374 435 0.489996
403 461 0.363056
404 462 0.625755
433 489 0.656869
438 493 0.392637
440 495 0.566017
447 500 0.424284
463 65 0.267047
487 87 0.672440
488 88 0.601173
492 91 0.793314
498 97 0.371271
@cluster t.10 has 5 elements, 0 subclusters
14 110 0.504098
69 160 0.372870
175 256 0.672679
338 402 0.702863
342 406 0.773853
@cluster t.11 has 1 elements, 0 subclusters
15 111 0.000000
@cluster t.12 has 4 elements, 0 subclusters
16 112 0.334677
22 118 0.347275
40 134 0.289528
82 172 0.548724
@cluster t.13 has 10 elements, 0 subclusters
19 115 0.269772
46 14 0.471601
60 152 0.377063
72 163 0.642122
123 209 0.697630
220 297 0.775496
251 324 0.873432
371 432 0.728716
421 478 0.495989
481 81 0.432545
@cluster t.14 has 1 elements, 0 subclusters
20 116 0.000000
@cluster t.15 has 8 elements, 0 subclusters
23 119 0.500578
26 121 0.693866
108 196 0.580700
176 257 0.557499
260 332 0.673709
305 373 0.774222
389 449 0.716412
493 92 0.407316
@cluster t.16 has 7 elements, 0 subclusters
41 135 0.442985
59 151 0.496811
182 262 0.788447
194 273 0.715100
284 354 0.426766
366 428 0.651566
441 496 0.645886
@cluster t.17 has 1 elements, 0 subclusters
499 98 0.000000
@cluster t.18 has 1 elements, 0 subclusters
27 122 0.000000
@cluster t.19 has 2 elements, 0 subclusters
28 123 0.297237
162 244 0.297237
@cluster t.20 has 1 elements, 0 subclusters
30 125 0.000000
@cluster t.21 has 2 elements, 0 subclusters
33 128 0.451138
165 247 0.451138
@cluster t.22 has 4 elements, 0 subclusters
35 13 0.453804
239 313 0.744829
395 454 0.723337
448 51 0.690717
@cluster t.23 has 2 elements, 0 subclusters
39 133 0.449408
369 430 0.449408
@cluster t.24 has 5 elements, 0 subclusters
42 136 0.652678
93 182 0.793156
375 436 0.475509
425 481 0.470875
449 52 0.442813
@cluster t.25 has 4 elements, 0 subclusters
43 137 0.462931
62 154 0.474360
154 237 0.440932
270 341 0.730562
@cluster t.26 has 3 elements, 0 subclusters
48 141 0.475575
230 305 0.523840
468 7 0.512963
@cluster t.27 has 1 elements, 0 subclusters
50 143 0.000000
@cluster t.28 has 1 elements, 0 subclusters
55 148 0.000000
@cluster t.29 has 3 elements, 0 subclusters
57 15 0.280903
170 251 0.488882
323 39 0.424351
@cluster t.30 has 2 elements, 0 subclusters
58 150 0.349783
466 68 0.349783
@cluster t.31 has 2 elements, 0 subclusters
63 155 0.404389
410 468 0.404389
@cluster t.32 has 2 elements, 0 subclusters
64 156 0.424510
302 370 0.424510
@cluster t.33 has 1 elements, 0 subclusters
65 157 0.000000
@cluster t.34 has 5 elements, 0 subclusters
70 161 0.249728
246 32 0.422574
315 382 0.693565
356 419 0.557985
406 464 0.368317
@cluster t.35 has 11 elements, 0 subclusters
18 114 0.521994
21 117 0.466294
75 166 0.688691
79 17 0.685922
119 205 0.595531
139 223 0.391819
199 278 0.415439
265 337 0.736098
266 338 0.552936
385 445 0.568182
417 474 0.487475
@cluster t.36 has 2 elements, 0 subclusters
76 167 0.307326
456 59 0.307326
@cluster t.37 has 1 elements, 0 subclusters
78 169 0.000000
@cluster t.38 has 1 elements, 0 subclusters
80 170 0.000000
@cluster t.39 has 1 elements, 0 subclusters
81 171 0.000000
@cluster t.40 has 1 elements, 0 subclusters
85 175 0.000000
@cluster t.41 has 5 elements, 0 subclusters
86 176 0.559876
218 295 0.592018
444 499 0.429236
454 57 0.643403
471 72 0.496662
@cluster t.42 has 2 elements, 0 subclusters
87 177 0.414104
321 388 0.414104
@cluster t.43 has 1 elements, 0 subclusters
497 96 0.000000
@cluster t.44 has 1 elements, 0 subclusters
95 184 0.000000
@cluster t.45 has 9 elements, 0 subclusters
29 124 0.333891
96 185 0.816256
130 215 0.599629
137 221 0.435398
141 225 0.708344
222 299 0.405233
228 303 0.297503
331 397 0.362554
431 487 0.544530
@cluster t.46 has 1 elements, 0 subclusters
99 188 0.000000
@cluster t.47 has 10 elements, 0 subclusters
31 126 0.580385
100 189 0.581627
103 191 0.509103
133 218 0.640734
169 250 0.451677
325 391 0.397772
376 437 0.460965
383 443 0.368645
391 450 0.809711
491 90 0.632467
@cluster t.48 has 1 elements, 0 subclusters
101 19 0.000000
@cluster t.49 has 3 elements, 0 subclusters
106 194 0.477382
192 271 0.510944
416 473 0.479363
@cluster t.50 has 1 elements, 0 subclusters
107 195 0.000000
@cluster t.51 has 3 elements, 0 subclusters
116 202 0.248223
310 378 0.586189
476 77 0.604213
@cluster t.52 has 1 elements, 0 subclusters
117 203 0.000000
@cluster t.53 has 9 elements, 0 subclusters
120 206 0.774698
183 263 0.494782
231 306 0.758727
289 359 0.462407
301 37 0.501922
328 394 0.593566
378 439 0.616969
424 480 0.504463
452 55 0.677359
@cluster t.54 has 2 elements, 0 subclusters
124 21 0.412060
373 434 0.412060
@cluster t.55 has 1 elements, 0 subclusters
126 211 0.000000
@cluster t.56 has 1 elements, 0 subclusters
136 220 0.000000
@cluster t.57 has 3 elements, 0 subclusters
140 224 0.451153
152 235 0.493324
430 486 0.221073
@cluster t.58 has 2 elements, 0 subclusters
146 23 0.408344
460 62 0.408344
@cluster t.59 has 1 elements, 0 subclusters
147 230 0.000000
@cluster t.60 has 1 elements, 0 subclusters
148 231 0.000000
@cluster t.61 has 2 elements, 0 subclusters
151 234 0.441049
173 254 0.441049
@cluster t.62 has 1 elements, 0 subclusters
153 236 0.000000
@cluster t.63 has 1 elements, 0 subclusters
155 238 0.000000
@cluster t.64 has 3 elements, 0 subclusters
157 24 0.591386
238 312 0.584481
313 380 0.660771
@cluster t.65 has 1 elements, 0 subclusters
158 240 0.000000
@cluster t.66 has 1 elements, 0 subclusters
159 241 0.000000
@cluster t.67 has 1 elements, 0 subclusters
160 242 0.000000
@cluster t.68 has 1 elements, 0 subclusters
166 248 0.000000
@cluster t.69 has 1 elements, 0 subclusters
171 252 0.000000
@cluster t.70 has 1 elements, 0 subclusters
494 93 0.000000
@cluster t.71 has 9 elements, 0 subclusters
179 26 0.927332
207 285 0.231545
229 304 0.407979
249 322 0.736407
257 33 0.362738
281 351 0.745927
344 408 0.600863
409 467 0.320967
475 76 0.413851
@cluster t.72 has 1 elements, 0 subclusters
180 260 0.000000
@cluster t.73 has 1 elements, 0 subclusters
181 261 0.000000
@cluster t.74 has 7 elements, 0 subclusters
185 265 0.629640
235 31 0.481610
286 356 0.608399
372 433 0.787294
435 490 0.648888
450 53 0.399518
464 66 0.814301
@cluster t.75 has 2 elements, 0 subclusters
186 266 0.364097
253 326 0.364097
@cluster t.76 has 1 elements, 0 subclusters
188 268 0.000000
@cluster t.77 has 1 elements, 0 subclusters
195 274 0.000000
@cluster t.78 has 8 elements, 0 subclusters
202 280 0.577063
275 346 0.420204
287 357 0.449539
295 364 0.705427
354 417 0.643420
393 452 0.582617
411 469 0.343042
485 85 0.647151
@cluster t.79 has 1 elements, 0 subclusters
203 281 0.000000
@cluster t.80 has 1 elements, 0 subclusters
484 84 0.000000
@cluster t.81 has 1 elements, 0 subclusters
215 292 0.000000
@cluster t.82 has 1 elements, 0 subclusters
217 294 0.000000
@cluster t.83 has 1 elements, 0 subclusters
223 3 0.000000
@cluster t.84 has 5 elements, 0 subclusters
225 300 0.740896
263 335 0.409834
319 386 0.677818
363 425 0.813108
365 427 0.643869
@cluster t.85 has 3 elements, 0 subclusters
227 302 0.598739
288 358 0.423269
428 484 0.280619
@cluster t.86 has 1 elements, 0 subclusters
234 309 0.000000
@cluster t.87 has 1 elements, 0 subclusters
237 311 0.000000
@cluster t.88 has 1 elements, 0 subclusters
240 314 0.000000
@cluster t.89 has 1 elements, 0 subclusters
241 315 0.000000
@cluster t.90 has 3 elements, 0 subclusters
118 204 0.557336
244 318 0.639434
472 73 0.286739
@cluster t.91 has 2 elements, 0 subclusters
245 319 0.427269
380 440 0.427269
@cluster t.92 has 1 elements, 0 subclusters
254 327 0.000000
@cluster t.93 has 1 elements, 0 subclusters
261 333 0.000000
@cluster t.94 has 1 elements, 0 subclusters
268 34 0.000000
@cluster t.95 has 1 elements, 0 subclusters
273 344 0.000000
@cluster t.96 has 1 elements, 0 subclusters
278 349 0.000000
@cluster t.97 has 3 elements, 0 subclusters
283 353 0.438474
361 423 0.593577
469 70 0.204841
@cluster t.98 has 1 elements, 0 subclusters
292 361 0.000000
@cluster t.99 has 1 elements, 0 subclusters
293 362 0.000000
@cluster t.100 has 1 elements, 0 subclusters
296 365 0.000000
@cluster t.101 has 3 elements, 0 subclusters
209 287 0.611628
304 372 0.522720
329 395 0.443850
@cluster t.102 has 1 elements, 0 subclusters
306 374 0.000000
@cluster t.103 has 1 elements, 0 subclusters
311 379 0.000000
@cluster t.104 has 1 elements, 0 subclusters
317 384 0.000000
@cluster t.105 has 1 elements, 0 subclusters
320 387 0.000000
@cluster t.106 has 1 elements, 0 subclusters
322 389 0.000000
@cluster t.107 has 1 elements, 0 subclusters
326 392 0.000000
@cluster t.108 has 1 elements, 0 subclusters
332 398 0.000000
@cluster t.109 has 1 elements, 0 subclusters
347 410 0.000000
@cluster t.110 has 1 elements, 0 subclusters
350 413 0.000000
@cluster t.111 has 1 elements, 0 subclusters
355 418 0.000000
@cluster t.112 has 1 elements, 0 subclusters
359 421 0.000000
@cluster t.113 has 1 elements, 0 subclusters
480 80 0.000000
@cluster t.114 has 1 elements, 0 subclusters
377 438 0.000000
@cluster t.115 has 1 elements, 0 subclusters
479 8 0.000000
@cluster t.116 has 1 elements, 0 subclusters
388 448 0.000000
@cluster t.117 has 1 elements, 0 subclusters
392 451 0.000000
@cluster t.118 has 1 elements, 0 subclusters
396 455 0.000000
@cluster t.119 has 1 elements, 0 subclusters
397 456 0.000000
@cluster t.120 has 1 elements, 0 subclusters
398 457 0.000000
@cluster t.121 has 1 elements, 0 subclusters
401 46 0.000000
@cluster t.122 has 3 elements, 0 subclusters
25 120 0.462870
402 460 0.477022
429 485 0.474731
@cluster t.123 has 1 elements, 0 subclusters
405 463 0.000000
@cluster t.124 has 2 elements, 0 subclusters
407 465 0.386322
477 78 0.386322
@cluster t.125 has 1 elements, 0 subclusters
408 466 0.000000
@cluster t.126 has 1 elements, 0 subclusters
412 47 0.000000
@cluster t.127 has 2 elements, 0 subclusters
399 458 0.331253
413 470 0.331253
@cluster t.128 has 1 elements, 0 subclusters
414 471 0.000000
@cluster t.129 has 1 elements, 0 subclusters
415 472 0.000000
@cluster t.130 has 1 elements, 0 subclusters
418 475 0.000000
@cluster t.131 has 1 elements, 0 subclusters
423 48 0.000000
@cluster t.132 has 1 elements, 0 subclusters
427 483 0.000000
@cluster t.133 has 1 elements, 0 subclusters
432 488 0.000000
@cluster t.134 has 1 elements, 0 subclusters
436 491 0.000000
@cluster t.135 has 1 elements, 0 subclusters
437 492 0.000000
@cluster t.136 has 1 elements, 0 subclusters
439 494 0.000000
@cluster t.137 has 1 elements, 0 subclusters
451 54 0.000000
@cluster t.138 has 8 elements, 0 subclusters
174 255 0.569941
190 27 0.749999
264 336 0.600692
272 343 0.676045
279 35 0.601675
443 498 0.688324
455 58 0.635645
489 89 0.561453
@cluster t.139 has 1 elements, 0 subclusters
462 64 0.000000
@cluster t.140 has 1 elements, 0 subclusters
467 69 0.000000
@cluster t.141 has 1 elements, 0 subclusters
470 71 0.000000
@cluster t.142 has 1 elements, 0 subclusters
478 79 0.000000
