# cluster file
# automatically generated on: Sun Nov 12 19:14:19 2023
# mode: rmsd, filetype: pdb, lsqfit: 0, selmode: heavy
@cluster t has 500 elements, 78 subclusters
1 1
2 10
3 100
4 101
5 102
6 103
7 104
8 105
9 106
10 107
11 108
12 109
13 11
14 110
15 111
16 112
17 113
18 114
19 115
20 116
21 117
22 118
23 119
24 12
25 120
26 121
27 122
28 123
29 124
30 125
31 126
32 127
33 128
34 129
35 13
36 130
37 131
38 132
39 133
40 134
41 135
42 136
43 137
44 138
45 139
46 14
47 140
48 141
49 142
50 143
51 144
52 145
53 146
54 147
55 148
56 149
57 15
58 150
59 151
60 152
61 153
62 154
63 155
64 156
65 157
66 158
67 159
68 16
69 160
70 161
71 162
72 163
73 164
74 165
75 166
76 167
77 168
78 169
79 17
80 170
81 171
82 172
83 173
84 174
85 175
86 176
87 177
88 178
89 179
90 18
91 180
92 181
93 182
94 183
95 184
96 185
97 186
98 187
99 188
100 189
101 19
102 190
103 191
104 192
105 193
106 194
107 195
108 196
109 197
110 198
111 199
112 2
113 20
114 200
115 201
116 202
117 203
118 204
119 205
120 206
121 207
122 208
123 209
124 21
125 210
126 211
127 212
128 213
129 214
130 215
131 216
132 217
133 218
134 219
135 22
136 220
137 221
138 222
139 223
140 224
141 225
142 226
143 227
144 228
145 229
146 23
147 230
148 231
149 232
150 233
151 234
152 235
153 236
154 237
155 238
156 239
157 24
158 240
159 241
160 242
161 243
162 244
163 245
164 246
165 247
166 248
167 249
168 25
169 250
170 251
171 252
172 253
173 254
174 255
175 256
176 257
177 258
178 259
179 26
180 260
181 261
182 262
183 263
184 264
185 265
186 266
187 267
188 268
189 269
190 27
191 270
192 271
193 272
194 273
195 274
196 275
197 276
198 277
199 278
200 279
201 28
202 280
203 281
204 282
205 283
206 284
207 285
208 286
209 287
210 288
211 289
212 29
213 290
214 291
215 292
216 293
217 294
218 295
219 296
220 297
221 298
222 299
223 3
224 30
225 300
226 301
227 302
228 303
229 304
230 305
231 306
232 307
233 308
234 309
235 31
236 310
237 311
238 312
239 313
240 314
241 315
242 316
243 317
244 318
245 319
246 32
247 320
248 321
249 322
250 323
251 324
252 325
253 326
254 327
255 328
256 329
257 33
258 330
259 331
260 332
261 333
262 334
263 335
264 336
265 337
266 338
267 339
268 34
269 340
270 341
271 342
272 343
273 344
274 345
275 346
276 347
277 348
278 349
279 35
280 350
281 351
282 352
283 353
284 354
285 355
286 356
287 357
288 358
289 359
290 36
291 360
292 361
293 362
294 363
295 364
296 365
297 366
298 367
299 368
300 369
301 37
302 370
303 371
304 372
305 373
306 374
307 375
308 376
309 377
310 378
311 379
312 38
313 380
314 381
315 382
316 383
317 384
318 385
319 386
320 387
321 388
322 389
323 39
324 390
325 391
326 392
327 393
328 394
329 395
330 396
331 397
332 398
333 399
334 4
335 40
336 400
337 401
338 402
339 403
340 404
341 405
342 406
343 407
344 408
345 409
346 41
347 410
348 411
349 412
350 413
351 414
352 415
353 416
354 417
355 418
356 419
357 42
358 420
359 421
360 422
361 423
362 424
363 425
364 426
365 427
366 428
367 429
368 43
369 430
370 431
371 432
372 433
373 434
374 435
375 436
376 437
377 438
378 439
379 44
380 440
381 441
382 442
383 443
384 444
385 445
386 446
387 447
388 448
389 449
390 45
391 450
392 451
393 452
394 453
395 454
396 455
397 456
398 457
399 458
400 459
401 46
402 460
403 461
404 462
405 463
406 464
407 465
408 466
409 467
410 468
411 469
412 47
413 470
414 471
415 472
416 473
417 474
418 475
419 476
420 477
421 478
422 479
423 48
424 480
425 481
426 482
427 483
428 484
429 485
430 486
431 487
432 488
433 489
434 49
435 490
436 491
437 492
438 493
439 494
440 495
441 496
442 497
443 498
444 499
445 5
446 50
447 500
448 51
449 52
450 53
451 54
452 55
453 56
454 57
455 58
456 59
457 6
458 60
459 61
460 62
461 63
462 64
463 65
464 66
465 67
466 68
467 69
468 7
469 70
470 71
471 72
472 73
473 74
474 75
475 76
476 77
477 78
478 79
479 8
480 80
481 81
482 82
483 83
484 84
485 85
486 86
487 87
488 88
489 89
490 9
491 90
492 91
493 92
494 93
495 94
496 95
497 96
498 97
499 98
500 99
@cluster t.1 has 52 elements, 0 subclusters
1 1 0.470845
6 103 0.220660
12 109 0.871003
19 115 0.272698
25 120 0.285759
30 125 0.290555
34 129 0.357802
49 142 0.362514
57 15 0.404118
73 164 0.474902
74 165 0.677362
81 171 0.456316
86 176 0.471783
89 179 0.258389
100 189 0.316505
106 194 0.558728
108 196 0.648847
114 200 0.477056
155 238 0.345340
156 239 0.482627
172 253 0.410243
191 270 0.388732
196 275 0.374092
199 278 0.596379
210 288 0.380629
221 298 0.420493
226 301 0.552716
273 344 0.238655
274 345 0.353538
280 350 0.350159
283 353 0.715672
335 40 0.245366
339 403 0.282918
345 409 0.506257
355 418 0.333987
362 424 0.408379
381 441 0.489153
388 448 0.683376
395 454 0.516595
397 456 0.240924
408 466 0.245739
409 467 0.394257
420 477 0.616044
422 479 0.297097
427 483 0.804094
448 51 0.578497
454 57 0.715154
456 59 0.362319
457 6 0.564368
472 73 0.253256
475 76 0.507555
494 93 0.220873
@cluster t.2 has 4 elements, 0 subclusters
2 10 0.458093
27 122 0.619136
161 243 0.550595
459 61 0.535466
@cluster t.3 has 103 elements, 0 subclusters
7 104 0.411987
14 110 0.310094
15 111 0.358045
18 114 0.574224
20 116 0.700686
33 128 0.256601
35 13 0.264148
36 130 0.452864
37 131 0.420518
48 141 0.654845
51 144 0.585195
52 145 0.567266
53 146 0.421741
55 148 0.302479
61 153 0.332412
63 155 0.444426
69 160 0.325353
77 168 0.329225
82 172 0.567817
88 178 0.590017
97 186 0.464659
105 193 0.517008
107 195 0.228892
110 198 0.453158
112 2 0.338811
118 204 0.324734
121 207 0.373200
124 21 0.569462
126 211 0.340371
129 214 0.241746
138 222 0.237457
141 225 0.284095
145 229 0.545747
146 23 0.532956
154 237 0.296250
158 240 0.302084
162 244 0.299050
163 245 0.233101
165 247 0.608162
181 261 0.377189
187 267 0.487050
190 27 0.515007
192 271 0.378260
194 273 0.424999
197 276 0.386541
201 28 0.532771
202 280 0.466380
204 282 0.344929
208 286 0.355315
213 290 0.931154
222 299 0.857755
230 305 0.431129
234 309 0.321388
249 322 0.426688
252 325 0.502071
253 326 0.475465
257 33 0.384550
259 331 0.589208
261 333 0.487809
262 334 0.440399
268 34 0.346946
272 343 0.285817
285 355 0.527473
290 36 0.388291
300 369 0.402548
305 373 0.312904
308 376 0.374860
310 378 0.395479
313 380 0.375814
314 381 0.489730
316 383 0.568528
322 389 0.296932
323 39 0.409880
325 391 0.307109
331 397 0.345376
332 398 0.522911
334 4 0.311822
340 404 0.514389
367 429 0.471684
368 43 0.465138
370 431 0.316435
382 442 0.425169
383 443 0.471731
384 444 0.441819
390 45 0.559163
392 451 0.367371
401 46 0.722771
402 460 0.253516
417 474 0.305378
418 475 0.493042
430 486 0.271870
431 487 0.226731
434 49 0.425903
440 495 0.513170
442 497 0.535171
466 68 0.288371
470 71 0.479581
476 77 0.674369
480 80 0.343809
492 91 0.450544
493 92 0.349045
497 96 0.476033
498 97 0.436474
@cluster t.4 has 1 elements, 0 subclusters
4 101 0.000000
@cluster t.5 has 1 elements, 0 subclusters
8 105 0.000000
@cluster t.6 has 2 elements, 0 subclusters
9 106 0.384297
211 289 0.384297
@cluster t.7 has 18 elements, 0 subclusters
10 107 0.746144
24 12 0.444498
68 16 0.443256
93 182 0.250641
109 197 0.305499
169 250 0.799593
212 29 0.403226
220 297 0.657324
241 315 0.481822
247 320 0.709993
263 335 0.629037
267 339 0.439855
288 358 0.399665
353 416 0.702247
393 452 0.522361
407 465 0.333499
425 481 0.406806
474 75 0.290841
@cluster t.8 has 1 elements, 0 subclusters
13 11 0.000000
@cluster t.9 has 57 elements, 0 subclusters
16 112 0.585172
39 133 0.439730
40 134 0.351326
42 136 0.585655
56 149 0.368455
59 151 0.429633
60 152 0.378510
76 167 0.525974
83 173 0.420264
84 174 0.434021
85 175 0.351053
91 180 0.429983
117 203 0.319073
122 208 0.525171
128 213 0.317930
135 22 0.633840
136 220 0.654846
143 227 0.497153
159 241 0.623689
160 242 0.511826
168 25 0.352469
175 256 0.410532
177 258 0.323107
182 262 0.371323
183 263 0.471501
186 266 0.274803
245 319 0.260885
250 323 0.431351
296 365 0.449111
297 366 0.299001
298 367 0.418334
309 377 0.693099
349 412 0.394860
351 414 0.342298
356 419 0.616603
360 422 0.389610
364 426 0.472028
385 445 0.397746
386 446 0.443217
387 447 0.301880
396 455 0.425550
399 458 0.452567
403 461 0.398199
405 463 0.637292
413 470 0.376740
421 478 0.479851
423 48 0.486813
426 482 0.356710
428 484 0.429864
439 494 0.362752
441 496 0.588572
452 55 0.393673
455 58 0.370541
460 62 0.371519
467 69 0.442033
484 84 0.415004
485 85 0.458616
@cluster t.10 has 4 elements, 0 subclusters
17 113 0.532309
46 14 0.401925
343 407 0.565851
375 436 0.692721
@cluster t.11 has 2 elements, 0 subclusters
21 117 0.440096
496 95 0.440096
@cluster t.12 has 1 elements, 0 subclusters
22 118 0.000000
@cluster t.13 has 32 elements, 0 subclusters
23 119 0.439529
41 135 0.628903
72 163 0.416416
79 17 0.851343
98 187 0.509560
120 206 0.494833
153 236 0.371661
164 246 0.567885
184 264 0.469720
198 277 0.398416
225 300 0.539325
227 302 0.347175
240 314 0.462387
242 316 0.517204
256 329 0.332318
266 338 0.303497
279 35 0.583436
289 359 0.500969
301 37 0.522768
306 374 0.562303
312 38 0.429102
319 386 0.400524
338 402 0.706689
357 42 0.346796
363 425 0.460798
373 434 0.968669
410 468 0.313051
412 47 0.560424
424 480 0.633989
453 56 0.612292
473 74 0.288415
481 81 0.396677
@cluster t.14 has 2 elements, 0 subclusters
294 363 0.425876
499 98 0.425876
@cluster t.15 has 1 elements, 0 subclusters
28 123 0.000000
@cluster t.16 has 2 elements, 0 subclusters
38 132 0.435242
291 360 0.435242
@cluster t.17 has 3 elements, 0 subclusters
43 137 0.434775
131 216 0.381887
315 382 0.366007
@cluster t.18 has 1 elements, 0 subclusters
50 143 0.000000
@cluster t.19 has 41 elements, 0 subclusters
3 100 0.428546
5 102 0.375645
31 126 0.416834
45 139 0.586422
54 147 0.502020
58 150 0.767674
70 161 0.306005
71 162 0.734679
80 170 0.390450
94 183 0.724330
101 19 0.399860
102 190 0.733281
132 217 0.486058
152 235 0.365520
167 249 0.491789
176 257 0.415367
205 283 0.786264
231 306 0.562155
235 31 0.315178
237 311 0.548735
243 317 0.334552
255 328 0.657690
258 330 0.485371
264 336 0.384639
277 348 0.362655
278 349 0.466873
295 364 0.352933
317 384 0.478081
320 387 0.412659
324 390 0.430530
352 415 0.302447
361 423 0.451153
374 435 0.592865
378 439 0.300596
404 462 0.309013
436 491 0.425430
468 7 0.347581
486 86 0.270665
489 89 0.334514
491 90 0.393319
500 99 0.560163
@cluster t.20 has 8 elements, 0 subclusters
66 158 0.387052
75 166 0.793756
78 169 0.612726
248 321 0.394642
326 392 0.624325
371 432 0.530274
372 433 0.334322
462 64 0.349899
@cluster t.21 has 2 elements, 0 subclusters
67 159 0.399286
103 191 0.399286
@cluster t.22 has 1 elements, 0 subclusters
495 94 0.000000
@cluster t.23 has 1 elements, 0 subclusters
87 177 0.000000
@cluster t.24 has 1 elements, 0 subclusters
92 181 0.000000
@cluster t.25 has 1 elements, 0 subclusters
482 82 0.000000
@cluster t.26 has 1 elements, 0 subclusters
95 184 0.000000
@cluster t.27 has 2 elements, 0 subclusters
104 192 0.432472
139 223 0.432472
@cluster t.28 has 37 elements, 0 subclusters
11 108 0.361497
26 121 0.917067
29 124 0.277071
113 20 0.476863
123 209 0.711405
130 215 0.657108
134 219 0.406627
142 226 0.724211
149 232 0.787521
173 254 0.610616
188 268 0.503367
189 269 0.508597
193 272 0.464435
214 291 0.589567
217 294 0.408484
219 296 0.524939
238 312 0.521991
251 324 0.574728
260 332 0.535008
265 337 0.445896
270 341 0.423393
321 388 0.290389
337 401 0.429462
342 406 0.629367
344 408 0.681265
350 413 0.622556
366 428 0.785172
379 44 0.428615
394 453 0.505670
400 459 0.371175
415 472 0.522656
438 493 0.519466
444 499 0.465338
445 5 0.359400
461 63 0.490111
464 66 0.442662
477 78 0.372975
@cluster t.29 has 4 elements, 0 subclusters
115 201 0.721654
318 385 0.534022
377 438 0.690290
429 485 0.640687
@cluster t.30 has 2 elements, 0 subclusters
116 202 0.436988
224 30 0.436988
@cluster t.31 has 4 elements, 0 subclusters
127 212 0.496640
185 265 0.710712
398 457 0.490268
414 471 0.574737
@cluster t.32 has 1 elements, 0 subclusters
140 224 0.000000
@cluster t.33 has 1 elements, 0 subclusters
144 228 0.000000
@cluster t.34 has 4 elements, 0 subclusters
147 230 0.596767
233 308 0.528983
293 362 0.691549
327 393 0.650702
@cluster t.35 has 6 elements, 0 subclusters
148 231 0.745427
207 285 0.544060
328 394 0.390525
358 420 0.411892
416 473 0.477046
465 67 0.550660
@cluster t.36 has 1 elements, 0 subclusters
150 233 0.000000
@cluster t.37 has 1 elements, 0 subclusters
157 24 0.000000
@cluster t.38 has 2 elements, 0 subclusters
166 248 0.489844
287 357 0.489844
@cluster t.39 has 10 elements, 0 subclusters
111 199 0.718893
133 218 0.505116
170 251 0.633702
179 26 0.467169
232 307 0.542945
303 371 0.601054
354 417 0.650130
389 449 0.483539
411 469 0.631219
469 70 0.691805
@cluster t.40 has 1 elements, 0 subclusters
174 255 0.000000
@cluster t.41 has 1 elements, 0 subclusters
180 260 0.000000
@cluster t.42 has 1 elements, 0 subclusters
200 279 0.000000
@cluster t.43 has 1 elements, 0 subclusters
203 281 0.000000
@cluster t.44 has 1 elements, 0 subclusters
206 284 0.000000
@cluster t.45 has 1 elements, 0 subclusters
209 287 0.000000
@cluster t.46 has 1 elements, 0 subclusters
216 293 0.000000
@cluster t.47 has 1 elements, 0 subclusters
218 295 0.000000
@cluster t.48 has 1 elements, 0 subclusters
223 3 0.000000
@cluster t.49 has 1 elements, 0 subclusters
228 303 0.000000
@cluster t.50 has 1 elements, 0 subclusters
229 304 0.000000
@cluster t.51 has 3 elements, 0 subclusters
236 310 0.513498
281 351 0.560390
380 440 0.648812
@cluster t.52 has 1 elements, 0 subclusters
239 313 0.000000
@cluster t.53 has 1 elements, 0 subclusters
244 318 0.000000
@cluster t.54 has 1 elements, 0 subclusters
246 32 0.000000
@cluster t.55 has 1 elements, 0 subclusters
275 346 0.000000
@cluster t.56 has 1 elements, 0 subclusters
284 354 0.000000
@cluster t.57 has 1 elements, 0 subclusters
286 356 0.000000
@cluster t.58 has 1 elements, 0 subclusters
478 79 0.000000
@cluster t.59 has 1 elements, 0 subclusters
302 370 0.000000
@cluster t.60 has 1 elements, 0 subclusters
307 375 0.000000
@cluster t.61 has 1 elements, 0 subclusters
311 379 0.000000
@cluster t.62 has 2 elements, 0 subclusters
329 395 0.439488
487 87 0.439488
@cluster t.63 has 1 elements, 0 subclusters
330 396 0.000000
@cluster t.64 has 1 elements, 0 subclusters
333 399 0.000000
@cluster t.65 has 1 elements, 0 subclusters
341 405 0.000000
@cluster t.66 has 1 elements, 0 subclusters
347 410 0.000000
@cluster t.67 has 1 elements, 0 subclusters
419 476 0.000000
@cluster t.68 has 1 elements, 0 subclusters
432 488 0.000000
@cluster t.69 has 3 elements, 0 subclusters
96 185 0.451606
433 489 0.411384
483 83 0.602916
@cluster t.70 has 1 elements, 0 subclusters
443 498 0.000000
@cluster t.71 has 1 elements, 0 subclusters
446 50 0.000000
@cluster t.72 has 11 elements, 0 subclusters
32 127 0.366223
65 157 0.405761
125 210 0.524689
151 234 0.583414
269 340 0.254393
276 347 0.403449
292 361 0.536413
336 400 0.256650
376 437 0.452004
449 52 0.680535
471 72 0.318715
@cluster t.73 has 1 elements, 0 subclusters
450 53 0.000000
@cluster t.74 has 1 elements, 0 subclusters
451 54 0.000000
@cluster t.75 has 1 elements, 0 subclusters
458 60 0.000000
@cluster t.76 has 1 elements, 0 subclusters
463 65 0.000000
@cluster t.77 has 24 elements, 0 subclusters
44 138 0.462972
47 140 0.252777
62 154 0.629730
64 156 0.364896
90 18 0.513008
99 188 0.379991
119 205 0.434520
171 252 0.164377
178 259 0.538321
195 274 0.211794
254 327 0.430875
271 342 0.505351
282 352 0.789485
304 372 0.517866
346 41 0.392105
348 411 0.759644
359 421 0.249495
369 430 0.292332
391 450 0.463098
435 490 0.376450
437 492 0.305741
447 500 0.211496
479 8 0.497966
490 9 0.456563
@cluster t.78 has 6 elements, 0 subclusters
137 221 0.467774
215 292 0.279932
299 368 0.498482
365 427 0.503138
406 464 0.375635
488 88 0.387362
